<!DOCTYPE html PUBLIC "-//W3C//DTD XHTML 1.1//EN" "https://www.w3.org/TR/xhtml11/DTD/xhtml11.dtd">
<html xmlns="https://www.w3.org/1999/xhtml">
<head>
<meta http-equiv="content-type" content="text/html; charset=UTF-8"/>
<title>TestNG Report</title>
<style type="text/css">table {margin-bottom:10px;border-collapse:collapse;empty-cells:show}th,td {border:1px solid #009;padding:.25em .5em}th {vertical-align:bottom}td {vertical-align:top}table a {font-weight:bold}.stripe td {background-color: #E6EBF9}.num {text-align:right}.passedodd td {background-color: #3F3}.passedeven td {background-color: #0A0}.skippedodd td {background-color: #DDD}.skippedeven td {background-color: #CCC}.failedodd td,.attn {background-color: #F33}.failedeven td,.stripe .attn {background-color: #D00}.stacktrace {white-space:pre;font-family:monospace}.totop {font-size:85%;text-align:center;border-bottom:2px solid #000}.invisible {display:none}</style>
</head>
<body>
<table>
<tr><th>Test</th><th># Passed</th><th># Skipped</th><th># Retried</th><th># Failed</th><th>Time (ms)</th><th>Included Groups</th><th>Excluded Groups</th></tr>
<tr><th colspan="8">TestSuite</th></tr>
<tr><td><a href="#t0">Run Parallel test Firefox</a></td><td class="num">6</td><td class="num">0</td><td class="num">0</td><td class="num attn">1</td><td class="num">96.631</td><td></td><td></td></tr>
<tr class="stripe"><td><a href="#t1">Run Parallel test Edge</a></td><td class="num">6</td><td class="num">0</td><td class="num">0</td><td class="num attn">1</td><td class="num">76.440</td><td></td><td></td></tr>
<tr><td><a href="#t2">Run Parallel test Chrome</a></td><td class="num">6</td><td class="num">0</td><td class="num">0</td><td class="num attn">1</td><td class="num">78.340</td><td></td><td></td></tr>
<tr><th>Total</th><th class="num">18</th><th class="num">0</th><th class="num">0</th><th class="num attn">3</th><th class="num">251.411</th><th colspan="2"></th></tr>
</table>
<table id='summary'><thead><tr><th>Class</th><th>Method</th><th>Start</th><th>Time (ms)</th></tr></thead><tbody><tr><th colspan="4">TestSuite</th></tr></tbody><tbody id="t0"><tr><th colspan="4">Run Parallel test Firefox &#8212; failed</th></tr><tr class="failedeven"><td rowspan="1">automation.testsuite.Day14_LoginTest</td><td><a href="#m0">loginSuccessfully</a></td><td rowspan="1">1710683581751</td><td rowspan="1">1990</td></tr><tr><th colspan="4">Run Parallel test Firefox &#8212; passed</th></tr><tr class="passedeven"><td rowspan="5">automation.testsuite.Day14_LoginTest</td><td><a href="#m1">loginFail_emailEmpty</a></td><td rowspan="1">1710683526611</td><td rowspan="1">251</td></tr><tr class="passedeven"><td><a href="#m2">loginFail_emailFormatIncorrect</a></td><td rowspan="1">1710683536931</td><td rowspan="1">235</td></tr><tr class="passedeven"><td><a href="#m3">loginFail_emailIncorrect</a></td><td rowspan="1">1710683549352</td><td rowspan="1">949</td></tr><tr class="passedeven"><td><a href="#m4">loginFail_passwordEmpty</a></td><td rowspan="1">1710683560792</td><td rowspan="1">305</td></tr><tr class="passedeven"><td><a href="#m5">loginFail_passwordIncorrect</a></td><td rowspan="1">1710683571328</td><td rowspan="1">963</td></tr><tr class="passedodd"><td rowspan="1">automation.testsuite.Day18_Run_Multi_Browser</td><td><a href="#m6">addClientSuccess</a></td><td rowspan="1">1710683497598</td><td rowspan="1">17276</td></tr></tbody>
<tbody id="t1"><tr><th colspan="4">Run Parallel test Edge &#8212; failed</th></tr><tr class="failedeven"><td rowspan="1">automation.testsuite.Day14_LoginTest</td><td><a href="#m7">loginSuccessfully</a></td><td rowspan="1">1710683658163</td><td rowspan="1">2028</td></tr><tr><th colspan="4">Run Parallel test Edge &#8212; passed</th></tr><tr class="passedeven"><td rowspan="5">automation.testsuite.Day14_LoginTest</td><td><a href="#m8">loginFail_emailEmpty</a></td><td rowspan="1">1710683614562</td><td rowspan="1">245</td></tr><tr class="passedeven"><td><a href="#m9">loginFail_emailFormatIncorrect</a></td><td rowspan="1">1710683622499</td><td rowspan="1">274</td></tr><tr class="passedeven"><td><a href="#m10">loginFail_emailIncorrect</a></td><td rowspan="1">1710683632858</td><td rowspan="1">1100</td></tr><tr class="passedeven"><td><a href="#m11">loginFail_passwordEmpty</a></td><td rowspan="1">1710683641591</td><td rowspan="1">260</td></tr><tr class="passedeven"><td><a href="#m12">loginFail_passwordIncorrect</a></td><td rowspan="1">1710683649541</td><td rowspan="1">1130</td></tr><tr class="passedodd"><td rowspan="1">automation.testsuite.Day18_Run_Multi_Browser</td><td><a href="#m13">addClientSuccess</a></td><td rowspan="1">1710683589921</td><td rowspan="1">17210</td></tr></tbody>
<tbody id="t2"><tr><th colspan="4">Run Parallel test Chrome &#8212; failed</th></tr><tr class="failedeven"><td rowspan="1">automation.testsuite.Day14_LoginTest</td><td><a href="#m14">loginSuccessfully</a></td><td rowspan="1">1710683736391</td><td rowspan="1">2170</td></tr><tr><th colspan="4">Run Parallel test Chrome &#8212; passed</th></tr><tr class="passedeven"><td rowspan="5">automation.testsuite.Day14_LoginTest</td><td><a href="#m15">loginFail_emailEmpty</a></td><td rowspan="1">1710683688082</td><td rowspan="1">250</td></tr><tr class="passedeven"><td><a href="#m16">loginFail_emailFormatIncorrect</a></td><td rowspan="1">1710683702191</td><td rowspan="1">324</td></tr><tr class="passedeven"><td><a href="#m17">loginFail_emailIncorrect</a></td><td rowspan="1">1710683710573</td><td rowspan="1">1108</td></tr><tr class="passedeven"><td><a href="#m18">loginFail_passwordEmpty</a></td><td rowspan="1">1710683717607</td><td rowspan="1">295</td></tr><tr class="passedeven"><td><a href="#m19">loginFail_passwordIncorrect</a></td><td rowspan="1">1710683726072</td><td rowspan="1">1191</td></tr><tr class="passedodd"><td rowspan="1">automation.testsuite.Day18_Run_Multi_Browser</td><td><a href="#m20">addClientSuccess</a></td><td rowspan="1">1710683665401</td><td rowspan="1">16380</td></tr></tbody>
</table>
<h2>Run Parallel test Firefox</h2><h3 id="m0">automation.testsuite.Day14_LoginTest#loginSuccessfully</h3><table class="result"><tr><th>Exception</th></tr><tr><td><div class="stacktrace">org.openqa.selenium.NoSuchElementException: no such element: Unable to locate element: {&quot;method&quot;:&quot;xpath&quot;,&quot;selector&quot;:&quot;//h4[text()=&apos;Dashboard&apos;]&quot;}
  (Session info: chrome=122.0.6261.129)
For documentation on this error, please visit: https://www.selenium.dev/documentation/webdriver/troubleshooting/errors#no-such-element-exception
Build info: version: &apos;4.10.0&apos;, revision: &apos;c14d967899&apos;
System info: os.name: &apos;Windows 10&apos;, os.arch: &apos;amd64&apos;, os.version: &apos;10.0&apos;, java.version: &apos;1.8.0_392&apos;
Driver info: org.openqa.selenium.chrome.ChromeDriver
Command: [0ea57d881ef0b1842f75986cc80cd7b6, findElement {using=xpath, value=//h4[text()=&apos;Dashboard&apos;]}]
Capabilities {acceptInsecureCerts: false, browserName: chrome, browserVersion: 122.0.6261.129, chrome: {chromedriverVersion: 122.0.6261.128 (f18a44fedeb..., userDataDir: C:\Users\Admin\AppData\Loca...}, fedcm:accounts: true, goog:chromeOptions: {debuggerAddress: localhost:59931}, networkConnectionEnabled: false, pageLoadStrategy: normal, platformName: windows, proxy: Proxy(), se:cdp: ws://localhost:59931/devtoo..., se:cdpVersion: 122.0.6261.129, setWindowRect: true, strictFileInteractability: false, timeouts: {implicit: 0, pageLoad: 300000, script: 30000}, unhandledPromptBehavior: dismiss and notify, webauthn:extension:credBlob: true, webauthn:extension:largeBlob: true, webauthn:extension:minPinLength: true, webauthn:extension:prf: true, webauthn:virtualAuthenticators: true}
Session ID: 0ea57d881ef0b1842f75986cc80cd7b6
	at org.openqa.selenium.remote.codec.w3c.W3CHttpResponseCodec.createException(W3CHttpResponseCodec.java:199)
	at org.openqa.selenium.remote.codec.w3c.W3CHttpResponseCodec.decode(W3CHttpResponseCodec.java:132)
	at org.openqa.selenium.remote.codec.w3c.W3CHttpResponseCodec.decode(W3CHttpResponseCodec.java:51)
	at org.openqa.selenium.remote.HttpCommandExecutor.execute(HttpCommandExecutor.java:191)
	at org.openqa.selenium.remote.service.DriverCommandExecutor.invokeExecute(DriverCommandExecutor.java:196)
	at org.openqa.selenium.remote.service.DriverCommandExecutor.execute(DriverCommandExecutor.java:171)
	at org.openqa.selenium.remote.RemoteWebDriver.execute(RemoteWebDriver.java:531)
	at org.openqa.selenium.remote.ElementLocation$ElementFinder$2.findElement(ElementLocation.java:165)
	at org.openqa.selenium.remote.ElementLocation.findElement(ElementLocation.java:59)
	at org.openqa.selenium.remote.RemoteWebDriver.findElement(RemoteWebDriver.java:350)
	at org.openqa.selenium.remote.RemoteWebDriver.findElement(RemoteWebDriver.java:344)
	at automation.testsuite.Day14_LoginTest.loginSuccessfully(Day14_LoginTest.java:26)
	at java.util.ArrayList.forEach(ArrayList.java:1259)
	at com.intellij.rt.testng.IDEARemoteTestNG.run(IDEARemoteTestNG.java:66)
	at com.intellij.rt.testng.RemoteTestNGStarter.main(RemoteTestNGStarter.java:109)
... Removed 28 stack frames</div></td></tr></table><p class="totop"><a href="#summary">back to summary</a></p>
<h3 id="m1">automation.testsuite.Day14_LoginTest#loginFail_emailEmpty</h3><table class="result"><tr><th class="invisible"/></tr></table><p class="totop"><a href="#summary">back to summary</a></p>
<h3 id="m2">automation.testsuite.Day14_LoginTest#loginFail_emailFormatIncorrect</h3><table class="result"><tr><th class="invisible"/></tr></table><p class="totop"><a href="#summary">back to summary</a></p>
<h3 id="m3">automation.testsuite.Day14_LoginTest#loginFail_emailIncorrect</h3><table class="result"><tr><th class="invisible"/></tr></table><p class="totop"><a href="#summary">back to summary</a></p>
<h3 id="m4">automation.testsuite.Day14_LoginTest#loginFail_passwordEmpty</h3><table class="result"><tr><th class="invisible"/></tr></table><p class="totop"><a href="#summary">back to summary</a></p>
<h3 id="m5">automation.testsuite.Day14_LoginTest#loginFail_passwordIncorrect</h3><table class="result"><tr><th class="invisible"/></tr></table><p class="totop"><a href="#summary">back to summary</a></p>
<h3 id="m6">automation.testsuite.Day18_Run_Multi_Browser#addClientSuccess</h3><table class="result"><tr><th class="invisible"/></tr></table><p class="totop"><a href="#summary">back to summary</a></p>
<h2>Run Parallel test Edge</h2><h3 id="m7">automation.testsuite.Day14_LoginTest#loginSuccessfully</h3><table class="result"><tr><th>Exception</th></tr><tr><td><div class="stacktrace">org.openqa.selenium.NoSuchElementException: no such element: Unable to locate element: {&quot;method&quot;:&quot;xpath&quot;,&quot;selector&quot;:&quot;//h4[text()=&apos;Dashboard&apos;]&quot;}
  (Session info: chrome=122.0.6261.129)
For documentation on this error, please visit: https://www.selenium.dev/documentation/webdriver/troubleshooting/errors#no-such-element-exception
Build info: version: &apos;4.10.0&apos;, revision: &apos;c14d967899&apos;
System info: os.name: &apos;Windows 10&apos;, os.arch: &apos;amd64&apos;, os.version: &apos;10.0&apos;, java.version: &apos;1.8.0_392&apos;
Driver info: org.openqa.selenium.chrome.ChromeDriver
Command: [62b5bb6b35a61bca02428b1010743854, findElement {using=xpath, value=//h4[text()=&apos;Dashboard&apos;]}]
Capabilities {acceptInsecureCerts: false, browserName: chrome, browserVersion: 122.0.6261.129, chrome: {chromedriverVersion: 122.0.6261.128 (f18a44fedeb..., userDataDir: C:\Users\Admin\AppData\Loca...}, fedcm:accounts: true, goog:chromeOptions: {debuggerAddress: localhost:60297}, networkConnectionEnabled: false, pageLoadStrategy: normal, platformName: windows, proxy: Proxy(), se:cdp: ws://localhost:60297/devtoo..., se:cdpVersion: 122.0.6261.129, setWindowRect: true, strictFileInteractability: false, timeouts: {implicit: 0, pageLoad: 300000, script: 30000}, unhandledPromptBehavior: dismiss and notify, webauthn:extension:credBlob: true, webauthn:extension:largeBlob: true, webauthn:extension:minPinLength: true, webauthn:extension:prf: true, webauthn:virtualAuthenticators: true}
Session ID: 62b5bb6b35a61bca02428b1010743854
	at org.openqa.selenium.remote.codec.w3c.W3CHttpResponseCodec.createException(W3CHttpResponseCodec.java:199)
	at org.openqa.selenium.remote.codec.w3c.W3CHttpResponseCodec.decode(W3CHttpResponseCodec.java:132)
	at org.openqa.selenium.remote.codec.w3c.W3CHttpResponseCodec.decode(W3CHttpResponseCodec.java:51)
	at org.openqa.selenium.remote.HttpCommandExecutor.execute(HttpCommandExecutor.java:191)
	at org.openqa.selenium.remote.service.DriverCommandExecutor.invokeExecute(DriverCommandExecutor.java:196)
	at org.openqa.selenium.remote.service.DriverCommandExecutor.execute(DriverCommandExecutor.java:171)
	at org.openqa.selenium.remote.RemoteWebDriver.execute(RemoteWebDriver.java:531)
	at org.openqa.selenium.remote.ElementLocation$ElementFinder$2.findElement(ElementLocation.java:165)
	at org.openqa.selenium.remote.ElementLocation.findElement(ElementLocation.java:59)
	at org.openqa.selenium.remote.RemoteWebDriver.findElement(RemoteWebDriver.java:350)
	at org.openqa.selenium.remote.RemoteWebDriver.findElement(RemoteWebDriver.java:344)
	at automation.testsuite.Day14_LoginTest.loginSuccessfully(Day14_LoginTest.java:26)
	at java.util.ArrayList.forEach(ArrayList.java:1259)
	at com.intellij.rt.testng.IDEARemoteTestNG.run(IDEARemoteTestNG.java:66)
	at com.intellij.rt.testng.RemoteTestNGStarter.main(RemoteTestNGStarter.java:109)
... Removed 28 stack frames</div></td></tr></table><p class="totop"><a href="#summary">back to summary</a></p>
<h3 id="m8">automation.testsuite.Day14_LoginTest#loginFail_emailEmpty</h3><table class="result"><tr><th class="invisible"/></tr></table><p class="totop"><a href="#summary">back to summary</a></p>
<h3 id="m9">automation.testsuite.Day14_LoginTest#loginFail_emailFormatIncorrect</h3><table class="result"><tr><th class="invisible"/></tr></table><p class="totop"><a href="#summary">back to summary</a></p>
<h3 id="m10">automation.testsuite.Day14_LoginTest#loginFail_emailIncorrect</h3><table class="result"><tr><th class="invisible"/></tr></table><p class="totop"><a href="#summary">back to summary</a></p>
<h3 id="m11">automation.testsuite.Day14_LoginTest#loginFail_passwordEmpty</h3><table class="result"><tr><th class="invisible"/></tr></table><p class="totop"><a href="#summary">back to summary</a></p>
<h3 id="m12">automation.testsuite.Day14_LoginTest#loginFail_passwordIncorrect</h3><table class="result"><tr><th class="invisible"/></tr></table><p class="totop"><a href="#summary">back to summary</a></p>
<h3 id="m13">automation.testsuite.Day18_Run_Multi_Browser#addClientSuccess</h3><table class="result"><tr><th class="invisible"/></tr></table><p class="totop"><a href="#summary">back to summary</a></p>
<h2>Run Parallel test Chrome</h2><h3 id="m14">automation.testsuite.Day14_LoginTest#loginSuccessfully</h3><table class="result"><tr><th>Exception</th></tr><tr><td><div class="stacktrace">org.openqa.selenium.NoSuchElementException: no such element: Unable to locate element: {&quot;method&quot;:&quot;xpath&quot;,&quot;selector&quot;:&quot;//h4[text()=&apos;Dashboard&apos;]&quot;}
  (Session info: chrome=122.0.6261.129)
For documentation on this error, please visit: https://www.selenium.dev/documentation/webdriver/troubleshooting/errors#no-such-element-exception
Build info: version: &apos;4.10.0&apos;, revision: &apos;c14d967899&apos;
System info: os.name: &apos;Windows 10&apos;, os.arch: &apos;amd64&apos;, os.version: &apos;10.0&apos;, java.version: &apos;1.8.0_392&apos;
Driver info: org.openqa.selenium.chrome.ChromeDriver
Command: [ec9054d58b3c3eb357a4e6dd92c17d69, findElement {using=xpath, value=//h4[text()=&apos;Dashboard&apos;]}]
Capabilities {acceptInsecureCerts: false, browserName: chrome, browserVersion: 122.0.6261.129, chrome: {chromedriverVersion: 122.0.6261.128 (f18a44fedeb..., userDataDir: C:\Users\Admin\AppData\Loca...}, fedcm:accounts: true, goog:chromeOptions: {debuggerAddress: localhost:60613}, networkConnectionEnabled: false, pageLoadStrategy: normal, platformName: windows, proxy: Proxy(), se:cdp: ws://localhost:60613/devtoo..., se:cdpVersion: 122.0.6261.129, setWindowRect: true, strictFileInteractability: false, timeouts: {implicit: 0, pageLoad: 300000, script: 30000}, unhandledPromptBehavior: dismiss and notify, webauthn:extension:credBlob: true, webauthn:extension:largeBlob: true, webauthn:extension:minPinLength: true, webauthn:extension:prf: true, webauthn:virtualAuthenticators: true}
Session ID: ec9054d58b3c3eb357a4e6dd92c17d69
	at org.openqa.selenium.remote.codec.w3c.W3CHttpResponseCodec.createException(W3CHttpResponseCodec.java:199)
	at org.openqa.selenium.remote.codec.w3c.W3CHttpResponseCodec.decode(W3CHttpResponseCodec.java:132)
	at org.openqa.selenium.remote.codec.w3c.W3CHttpResponseCodec.decode(W3CHttpResponseCodec.java:51)
	at org.openqa.selenium.remote.HttpCommandExecutor.execute(HttpCommandExecutor.java:191)
	at org.openqa.selenium.remote.service.DriverCommandExecutor.invokeExecute(DriverCommandExecutor.java:196)
	at org.openqa.selenium.remote.service.DriverCommandExecutor.execute(DriverCommandExecutor.java:171)
	at org.openqa.selenium.remote.RemoteWebDriver.execute(RemoteWebDriver.java:531)
	at org.openqa.selenium.remote.ElementLocation$ElementFinder$2.findElement(ElementLocation.java:165)
	at org.openqa.selenium.remote.ElementLocation.findElement(ElementLocation.java:59)
	at org.openqa.selenium.remote.RemoteWebDriver.findElement(RemoteWebDriver.java:350)
	at org.openqa.selenium.remote.RemoteWebDriver.findElement(RemoteWebDriver.java:344)
	at automation.testsuite.Day14_LoginTest.loginSuccessfully(Day14_LoginTest.java:26)
	at java.util.ArrayList.forEach(ArrayList.java:1259)
	at com.intellij.rt.testng.IDEARemoteTestNG.run(IDEARemoteTestNG.java:66)
	at com.intellij.rt.testng.RemoteTestNGStarter.main(RemoteTestNGStarter.java:109)
... Removed 28 stack frames</div></td></tr></table><p class="totop"><a href="#summary">back to summary</a></p>
<h3 id="m15">automation.testsuite.Day14_LoginTest#loginFail_emailEmpty</h3><table class="result"><tr><th class="invisible"/></tr></table><p class="totop"><a href="#summary">back to summary</a></p>
<h3 id="m16">automation.testsuite.Day14_LoginTest#loginFail_emailFormatIncorrect</h3><table class="result"><tr><th class="invisible"/></tr></table><p class="totop"><a href="#summary">back to summary</a></p>
<h3 id="m17">automation.testsuite.Day14_LoginTest#loginFail_emailIncorrect</h3><table class="result"><tr><th class="invisible"/></tr></table><p class="totop"><a href="#summary">back to summary</a></p>
<h3 id="m18">automation.testsuite.Day14_LoginTest#loginFail_passwordEmpty</h3><table class="result"><tr><th class="invisible"/></tr></table><p class="totop"><a href="#summary">back to summary</a></p>
<h3 id="m19">automation.testsuite.Day14_LoginTest#loginFail_passwordIncorrect</h3><table class="result"><tr><th class="invisible"/></tr></table><p class="totop"><a href="#summary">back to summary</a></p>
<h3 id="m20">automation.testsuite.Day18_Run_Multi_Browser#addClientSuccess</h3><table class="result"><tr><th class="invisible"/></tr></table><p class="totop"><a href="#summary">back to summary</a></p>
</body>
</html>
