<!DOCTYPE html>

<html>
  <head>
  <meta charset='utf-8'>
  <title>TestNG reports</title>

    <link type="text/css" href="testng-reports1.css" rel="stylesheet" id="ultra" />
    <link type="text/css" href="testng-reports.css" rel="stylesheet" id="retro" disabled="false"/>
    <script type="text/javascript" src="jquery.min.js"></script>
    <script type="text/javascript" src="testng-reports.js"></script>
    <script type="text/javascript" src="https://www.google.com/jsapi"></script>
    <script type='text/javascript'>
      google.load('visualization', '1', {packages:['table']});
      google.setOnLoadCallback(drawTable);
      var suiteTableInitFunctions = new Array();
      var suiteTableData = new Array();
    </script>
    <!--
      <script type="text/javascript" src="jquery-ui/js/jquery-ui-1.8.16.custom.min.js"></script>
     -->
  </head>

  <body>
    <div class="top-banner-root">
      <span class="top-banner-title-font">Test results</span>
      <button class="button" id="button">Switch Retro Theme</button> <!-- button -->
      <br/>
      <span class="top-banner-font-1">1 suite, 3 failed tests</span>
    </div> <!-- top-banner-root -->
    <div class="navigator-root">
      <div class="navigator-suite-header">
        <span>All suites</span>
        <a href="#" class="collapse-all-link" title="Collapse/expand all the suites">
          <img class="collapse-all-icon" src="collapseall.gif">
          </img> <!-- collapse-all-icon -->
        </a> <!-- collapse-all-link -->
      </div> <!-- navigator-suite-header -->
      <div class="suite">
        <div class="rounded-window">
          <div class="suite-header light-rounded-window-top">
            <a href="#" class="navigator-link" panel-name="suite-TestSuite">
              <span class="suite-name border-failed">TestSuite</span>
            </a> <!-- navigator-link -->
          </div> <!-- suite-header light-rounded-window-top -->
          <div class="navigator-suite-content">
            <div class="suite-section-title">
              <span>Info</span>
            </div> <!-- suite-section-title -->
            <div class="suite-section-content">
              <ul>
                <li>
                  <a href="#" class="navigator-link " panel-name="test-xml-TestSuite">
                    <span>D:\work\Selenium\selenium\AutomationTest1\testng.xml</span>
                  </a> <!-- navigator-link  -->
                </li>
                <li>
                  <a href="#" class="navigator-link " panel-name="testlist-TestSuite">
                    <span class="test-stats">3 tests</span>
                  </a> <!-- navigator-link  -->
                </li>
                <li>
                  <a href="#" class="navigator-link " panel-name="group-TestSuite">
                    <span>0 groups</span>
                  </a> <!-- navigator-link  -->
                </li>
                <li>
                  <a href="#" class="navigator-link " panel-name="times-TestSuite">
                    <span>Times</span>
                  </a> <!-- navigator-link  -->
                </li>
                <li>
                  <a href="#" class="navigator-link " panel-name="reporter-TestSuite">
                    <span>Reporter output</span>
                  </a> <!-- navigator-link  -->
                </li>
                <li>
                  <a href="#" class="navigator-link " panel-name="ignored-methods-TestSuite">
                    <span>Ignored methods</span>
                  </a> <!-- navigator-link  -->
                </li>
                <li>
                  <a href="#" class="navigator-link " panel-name="chronological-TestSuite">
                    <span>Chronological view</span>
                  </a> <!-- navigator-link  -->
                </li>
              </ul>
            </div> <!-- suite-section-content -->
            <div class="result-section">
              <div class="suite-section-title">
                <span>Results</span>
              </div> <!-- suite-section-title -->
              <div class="suite-section-content">
                <ul>
                  <li>
                    <span class="method-stats">21 methods, 3 failed,   18 passed</span>
                  </li>
                  <li>
                    <span class="method-list-title failed">Failed methods</span>
                    <span class="show-or-hide-methods failed">
                      <a href="#" panel-name="suite-TestSuite" class="hide-methods failed suite-TestSuite"> (hide)</a> <!-- hide-methods failed suite-TestSuite -->
                      <a href="#" panel-name="suite-TestSuite" class="show-methods failed suite-TestSuite"> (show)</a> <!-- show-methods failed suite-TestSuite -->
                    </span>
                    <div class="method-list-content failed suite-TestSuite">
                      <span>
                        <img width="3%" src="failed.png"/>
                        <a href="#" class="method navigator-link" panel-name="suite-TestSuite" title="automation.testsuite.Day14_LoginTest" hash-for-method="loginSuccessfully">loginSuccessfully</a> <!-- method navigator-link -->
                      </span>
                      <br/>
                      <span>
                        <img width="3%" src="failed.png"/>
                        <a href="#" class="method navigator-link" panel-name="suite-TestSuite" title="automation.testsuite.Day14_LoginTest" hash-for-method="loginSuccessfully">loginSuccessfully</a> <!-- method navigator-link -->
                      </span>
                      <br/>
                      <span>
                        <img width="3%" src="failed.png"/>
                        <a href="#" class="method navigator-link" panel-name="suite-TestSuite" title="automation.testsuite.Day14_LoginTest" hash-for-method="loginSuccessfully">loginSuccessfully</a> <!-- method navigator-link -->
                      </span>
                      <br/>
                    </div> <!-- method-list-content failed suite-TestSuite -->
                  </li>
                  <li>
                    <span class="method-list-title passed">Passed methods</span>
                    <span class="show-or-hide-methods passed">
                      <a href="#" panel-name="suite-TestSuite" class="hide-methods passed suite-TestSuite"> (hide)</a> <!-- hide-methods passed suite-TestSuite -->
                      <a href="#" panel-name="suite-TestSuite" class="show-methods passed suite-TestSuite"> (show)</a> <!-- show-methods passed suite-TestSuite -->
                    </span>
                    <div class="method-list-content passed suite-TestSuite">
                      <span>
                        <img width="3%" src="passed.png"/>
                        <a href="#" class="method navigator-link" panel-name="suite-TestSuite" title="automation.testsuite.Day18_Run_Multi_Browser" hash-for-method="addClientSuccess">addClientSuccess</a> <!-- method navigator-link -->
                      </span>
                      <br/>
                      <span>
                        <img width="3%" src="passed.png"/>
                        <a href="#" class="method navigator-link" panel-name="suite-TestSuite" title="automation.testsuite.Day18_Run_Multi_Browser" hash-for-method="addClientSuccess">addClientSuccess</a> <!-- method navigator-link -->
                      </span>
                      <br/>
                      <span>
                        <img width="3%" src="passed.png"/>
                        <a href="#" class="method navigator-link" panel-name="suite-TestSuite" title="automation.testsuite.Day18_Run_Multi_Browser" hash-for-method="addClientSuccess">addClientSuccess</a> <!-- method navigator-link -->
                      </span>
                      <br/>
                      <span>
                        <img width="3%" src="passed.png"/>
                        <a href="#" class="method navigator-link" panel-name="suite-TestSuite" title="automation.testsuite.Day14_LoginTest" hash-for-method="loginFail_emailEmpty">loginFail_emailEmpty</a> <!-- method navigator-link -->
                      </span>
                      <br/>
                      <span>
                        <img width="3%" src="passed.png"/>
                        <a href="#" class="method navigator-link" panel-name="suite-TestSuite" title="automation.testsuite.Day14_LoginTest" hash-for-method="loginFail_emailEmpty">loginFail_emailEmpty</a> <!-- method navigator-link -->
                      </span>
                      <br/>
                      <span>
                        <img width="3%" src="passed.png"/>
                        <a href="#" class="method navigator-link" panel-name="suite-TestSuite" title="automation.testsuite.Day14_LoginTest" hash-for-method="loginFail_emailEmpty">loginFail_emailEmpty</a> <!-- method navigator-link -->
                      </span>
                      <br/>
                      <span>
                        <img width="3%" src="passed.png"/>
                        <a href="#" class="method navigator-link" panel-name="suite-TestSuite" title="automation.testsuite.Day14_LoginTest" hash-for-method="loginFail_emailFormatIncorrect">loginFail_emailFormatIncorrect</a> <!-- method navigator-link -->
                      </span>
                      <br/>
                      <span>
                        <img width="3%" src="passed.png"/>
                        <a href="#" class="method navigator-link" panel-name="suite-TestSuite" title="automation.testsuite.Day14_LoginTest" hash-for-method="loginFail_emailFormatIncorrect">loginFail_emailFormatIncorrect</a> <!-- method navigator-link -->
                      </span>
                      <br/>
                      <span>
                        <img width="3%" src="passed.png"/>
                        <a href="#" class="method navigator-link" panel-name="suite-TestSuite" title="automation.testsuite.Day14_LoginTest" hash-for-method="loginFail_emailFormatIncorrect">loginFail_emailFormatIncorrect</a> <!-- method navigator-link -->
                      </span>
                      <br/>
                      <span>
                        <img width="3%" src="passed.png"/>
                        <a href="#" class="method navigator-link" panel-name="suite-TestSuite" title="automation.testsuite.Day14_LoginTest" hash-for-method="loginFail_emailIncorrect">loginFail_emailIncorrect</a> <!-- method navigator-link -->
                      </span>
                      <br/>
                      <span>
                        <img width="3%" src="passed.png"/>
                        <a href="#" class="method navigator-link" panel-name="suite-TestSuite" title="automation.testsuite.Day14_LoginTest" hash-for-method="loginFail_emailIncorrect">loginFail_emailIncorrect</a> <!-- method navigator-link -->
                      </span>
                      <br/>
                      <span>
                        <img width="3%" src="passed.png"/>
                        <a href="#" class="method navigator-link" panel-name="suite-TestSuite" title="automation.testsuite.Day14_LoginTest" hash-for-method="loginFail_emailIncorrect">loginFail_emailIncorrect</a> <!-- method navigator-link -->
                      </span>
                      <br/>
                      <span>
                        <img width="3%" src="passed.png"/>
                        <a href="#" class="method navigator-link" panel-name="suite-TestSuite" title="automation.testsuite.Day14_LoginTest" hash-for-method="loginFail_passwordEmpty">loginFail_passwordEmpty</a> <!-- method navigator-link -->
                      </span>
                      <br/>
                      <span>
                        <img width="3%" src="passed.png"/>
                        <a href="#" class="method navigator-link" panel-name="suite-TestSuite" title="automation.testsuite.Day14_LoginTest" hash-for-method="loginFail_passwordEmpty">loginFail_passwordEmpty</a> <!-- method navigator-link -->
                      </span>
                      <br/>
                      <span>
                        <img width="3%" src="passed.png"/>
                        <a href="#" class="method navigator-link" panel-name="suite-TestSuite" title="automation.testsuite.Day14_LoginTest" hash-for-method="loginFail_passwordEmpty">loginFail_passwordEmpty</a> <!-- method navigator-link -->
                      </span>
                      <br/>
                      <span>
                        <img width="3%" src="passed.png"/>
                        <a href="#" class="method navigator-link" panel-name="suite-TestSuite" title="automation.testsuite.Day14_LoginTest" hash-for-method="loginFail_passwordIncorrect">loginFail_passwordIncorrect</a> <!-- method navigator-link -->
                      </span>
                      <br/>
                      <span>
                        <img width="3%" src="passed.png"/>
                        <a href="#" class="method navigator-link" panel-name="suite-TestSuite" title="automation.testsuite.Day14_LoginTest" hash-for-method="loginFail_passwordIncorrect">loginFail_passwordIncorrect</a> <!-- method navigator-link -->
                      </span>
                      <br/>
                      <span>
                        <img width="3%" src="passed.png"/>
                        <a href="#" class="method navigator-link" panel-name="suite-TestSuite" title="automation.testsuite.Day14_LoginTest" hash-for-method="loginFail_passwordIncorrect">loginFail_passwordIncorrect</a> <!-- method navigator-link -->
                      </span>
                      <br/>
                    </div> <!-- method-list-content passed suite-TestSuite -->
                  </li>
                </ul>
              </div> <!-- suite-section-content -->
            </div> <!-- result-section -->
          </div> <!-- navigator-suite-content -->
        </div> <!-- rounded-window -->
      </div> <!-- suite -->
    </div> <!-- navigator-root -->
    <div class="wrapper">
      <div class="main-panel-root">
        <div panel-name="suite-TestSuite" class="panel TestSuite">
          <div class="suite-TestSuite-class-failed">
            <div class="main-panel-header rounded-window-top">
              <img src="failed.png"/>
              <span class="class-name">automation.testsuite.Day14_LoginTest</span>
            </div> <!-- main-panel-header rounded-window-top -->
            <div class="main-panel-content rounded-window-bottom">
              <div class="method">
                <div class="method-content">
                  <a name="loginSuccessfully">
                  </a> <!-- loginSuccessfully -->
                  <span class="method-name">loginSuccessfully</span>
                  <div class="stack-trace">org.openqa.selenium.NoSuchElementException: no such element: Unable to locate element: {&quot;method&quot;:&quot;xpath&quot;,&quot;selector&quot;:&quot;//h4[text()=&apos;Dashboard&apos;]&quot;}
  (Session info: chrome=122.0.6261.129)
For documentation on this error, please visit: https://www.selenium.dev/documentation/webdriver/troubleshooting/errors#no-such-element-exception
Build info: version: &apos;4.10.0&apos;, revision: &apos;c14d967899&apos;
System info: os.name: &apos;Windows 10&apos;, os.arch: &apos;amd64&apos;, os.version: &apos;10.0&apos;, java.version: &apos;1.8.0_392&apos;
Driver info: org.openqa.selenium.chrome.ChromeDriver
Command: [0ea57d881ef0b1842f75986cc80cd7b6, findElement {using=xpath, value=//h4[text()=&apos;Dashboard&apos;]}]
Capabilities {acceptInsecureCerts: false, browserName: chrome, browserVersion: 122.0.6261.129, chrome: {chromedriverVersion: 122.0.6261.128 (f18a44fedeb..., userDataDir: C:\Users\Admin\AppData\Loca...}, fedcm:accounts: true, goog:chromeOptions: {debuggerAddress: localhost:59931}, networkConnectionEnabled: false, pageLoadStrategy: normal, platformName: windows, proxy: Proxy(), se:cdp: ws://localhost:59931/devtoo..., se:cdpVersion: 122.0.6261.129, setWindowRect: true, strictFileInteractability: false, timeouts: {implicit: 0, pageLoad: 300000, script: 30000}, unhandledPromptBehavior: dismiss and notify, webauthn:extension:credBlob: true, webauthn:extension:largeBlob: true, webauthn:extension:minPinLength: true, webauthn:extension:prf: true, webauthn:virtualAuthenticators: true}
Session ID: 0ea57d881ef0b1842f75986cc80cd7b6
	at org.openqa.selenium.remote.codec.w3c.W3CHttpResponseCodec.createException(W3CHttpResponseCodec.java:199)
	at org.openqa.selenium.remote.codec.w3c.W3CHttpResponseCodec.decode(W3CHttpResponseCodec.java:132)
	at org.openqa.selenium.remote.codec.w3c.W3CHttpResponseCodec.decode(W3CHttpResponseCodec.java:51)
	at org.openqa.selenium.remote.HttpCommandExecutor.execute(HttpCommandExecutor.java:191)
	at org.openqa.selenium.remote.service.DriverCommandExecutor.invokeExecute(DriverCommandExecutor.java:196)
	at org.openqa.selenium.remote.service.DriverCommandExecutor.execute(DriverCommandExecutor.java:171)
	at org.openqa.selenium.remote.RemoteWebDriver.execute(RemoteWebDriver.java:531)
	at org.openqa.selenium.remote.ElementLocation$ElementFinder$2.findElement(ElementLocation.java:165)
	at org.openqa.selenium.remote.ElementLocation.findElement(ElementLocation.java:59)
	at org.openqa.selenium.remote.RemoteWebDriver.findElement(RemoteWebDriver.java:350)
	at org.openqa.selenium.remote.RemoteWebDriver.findElement(RemoteWebDriver.java:344)
	at automation.testsuite.Day14_LoginTest.loginSuccessfully(Day14_LoginTest.java:26)
	at java.util.ArrayList.forEach(ArrayList.java:1259)
	at com.intellij.rt.testng.IDEARemoteTestNG.run(IDEARemoteTestNG.java:66)
	at com.intellij.rt.testng.RemoteTestNGStarter.main(RemoteTestNGStarter.java:109)
... Removed 28 stack frames
</div> <!-- stack-trace -->
                </div> <!-- method-content -->
              </div> <!-- method -->
              <div class="method">
                <div class="method-content">
                  <a name="loginSuccessfully">
                  </a> <!-- loginSuccessfully -->
                  <span class="method-name">loginSuccessfully</span>
                  <div class="stack-trace">org.openqa.selenium.NoSuchElementException: no such element: Unable to locate element: {&quot;method&quot;:&quot;xpath&quot;,&quot;selector&quot;:&quot;//h4[text()=&apos;Dashboard&apos;]&quot;}
  (Session info: chrome=122.0.6261.129)
For documentation on this error, please visit: https://www.selenium.dev/documentation/webdriver/troubleshooting/errors#no-such-element-exception
Build info: version: &apos;4.10.0&apos;, revision: &apos;c14d967899&apos;
System info: os.name: &apos;Windows 10&apos;, os.arch: &apos;amd64&apos;, os.version: &apos;10.0&apos;, java.version: &apos;1.8.0_392&apos;
Driver info: org.openqa.selenium.chrome.ChromeDriver
Command: [62b5bb6b35a61bca02428b1010743854, findElement {using=xpath, value=//h4[text()=&apos;Dashboard&apos;]}]
Capabilities {acceptInsecureCerts: false, browserName: chrome, browserVersion: 122.0.6261.129, chrome: {chromedriverVersion: 122.0.6261.128 (f18a44fedeb..., userDataDir: C:\Users\Admin\AppData\Loca...}, fedcm:accounts: true, goog:chromeOptions: {debuggerAddress: localhost:60297}, networkConnectionEnabled: false, pageLoadStrategy: normal, platformName: windows, proxy: Proxy(), se:cdp: ws://localhost:60297/devtoo..., se:cdpVersion: 122.0.6261.129, setWindowRect: true, strictFileInteractability: false, timeouts: {implicit: 0, pageLoad: 300000, script: 30000}, unhandledPromptBehavior: dismiss and notify, webauthn:extension:credBlob: true, webauthn:extension:largeBlob: true, webauthn:extension:minPinLength: true, webauthn:extension:prf: true, webauthn:virtualAuthenticators: true}
Session ID: 62b5bb6b35a61bca02428b1010743854
	at org.openqa.selenium.remote.codec.w3c.W3CHttpResponseCodec.createException(W3CHttpResponseCodec.java:199)
	at org.openqa.selenium.remote.codec.w3c.W3CHttpResponseCodec.decode(W3CHttpResponseCodec.java:132)
	at org.openqa.selenium.remote.codec.w3c.W3CHttpResponseCodec.decode(W3CHttpResponseCodec.java:51)
	at org.openqa.selenium.remote.HttpCommandExecutor.execute(HttpCommandExecutor.java:191)
	at org.openqa.selenium.remote.service.DriverCommandExecutor.invokeExecute(DriverCommandExecutor.java:196)
	at org.openqa.selenium.remote.service.DriverCommandExecutor.execute(DriverCommandExecutor.java:171)
	at org.openqa.selenium.remote.RemoteWebDriver.execute(RemoteWebDriver.java:531)
	at org.openqa.selenium.remote.ElementLocation$ElementFinder$2.findElement(ElementLocation.java:165)
	at org.openqa.selenium.remote.ElementLocation.findElement(ElementLocation.java:59)
	at org.openqa.selenium.remote.RemoteWebDriver.findElement(RemoteWebDriver.java:350)
	at org.openqa.selenium.remote.RemoteWebDriver.findElement(RemoteWebDriver.java:344)
	at automation.testsuite.Day14_LoginTest.loginSuccessfully(Day14_LoginTest.java:26)
	at java.util.ArrayList.forEach(ArrayList.java:1259)
	at com.intellij.rt.testng.IDEARemoteTestNG.run(IDEARemoteTestNG.java:66)
	at com.intellij.rt.testng.RemoteTestNGStarter.main(RemoteTestNGStarter.java:109)
... Removed 28 stack frames
</div> <!-- stack-trace -->
                </div> <!-- method-content -->
              </div> <!-- method -->
              <div class="method">
                <div class="method-content">
                  <a name="loginSuccessfully">
                  </a> <!-- loginSuccessfully -->
                  <span class="method-name">loginSuccessfully</span>
                  <div class="stack-trace">org.openqa.selenium.NoSuchElementException: no such element: Unable to locate element: {&quot;method&quot;:&quot;xpath&quot;,&quot;selector&quot;:&quot;//h4[text()=&apos;Dashboard&apos;]&quot;}
  (Session info: chrome=122.0.6261.129)
For documentation on this error, please visit: https://www.selenium.dev/documentation/webdriver/troubleshooting/errors#no-such-element-exception
Build info: version: &apos;4.10.0&apos;, revision: &apos;c14d967899&apos;
System info: os.name: &apos;Windows 10&apos;, os.arch: &apos;amd64&apos;, os.version: &apos;10.0&apos;, java.version: &apos;1.8.0_392&apos;
Driver info: org.openqa.selenium.chrome.ChromeDriver
Command: [ec9054d58b3c3eb357a4e6dd92c17d69, findElement {using=xpath, value=//h4[text()=&apos;Dashboard&apos;]}]
Capabilities {acceptInsecureCerts: false, browserName: chrome, browserVersion: 122.0.6261.129, chrome: {chromedriverVersion: 122.0.6261.128 (f18a44fedeb..., userDataDir: C:\Users\Admin\AppData\Loca...}, fedcm:accounts: true, goog:chromeOptions: {debuggerAddress: localhost:60613}, networkConnectionEnabled: false, pageLoadStrategy: normal, platformName: windows, proxy: Proxy(), se:cdp: ws://localhost:60613/devtoo..., se:cdpVersion: 122.0.6261.129, setWindowRect: true, strictFileInteractability: false, timeouts: {implicit: 0, pageLoad: 300000, script: 30000}, unhandledPromptBehavior: dismiss and notify, webauthn:extension:credBlob: true, webauthn:extension:largeBlob: true, webauthn:extension:minPinLength: true, webauthn:extension:prf: true, webauthn:virtualAuthenticators: true}
Session ID: ec9054d58b3c3eb357a4e6dd92c17d69
	at org.openqa.selenium.remote.codec.w3c.W3CHttpResponseCodec.createException(W3CHttpResponseCodec.java:199)
	at org.openqa.selenium.remote.codec.w3c.W3CHttpResponseCodec.decode(W3CHttpResponseCodec.java:132)
	at org.openqa.selenium.remote.codec.w3c.W3CHttpResponseCodec.decode(W3CHttpResponseCodec.java:51)
	at org.openqa.selenium.remote.HttpCommandExecutor.execute(HttpCommandExecutor.java:191)
	at org.openqa.selenium.remote.service.DriverCommandExecutor.invokeExecute(DriverCommandExecutor.java:196)
	at org.openqa.selenium.remote.service.DriverCommandExecutor.execute(DriverCommandExecutor.java:171)
	at org.openqa.selenium.remote.RemoteWebDriver.execute(RemoteWebDriver.java:531)
	at org.openqa.selenium.remote.ElementLocation$ElementFinder$2.findElement(ElementLocation.java:165)
	at org.openqa.selenium.remote.ElementLocation.findElement(ElementLocation.java:59)
	at org.openqa.selenium.remote.RemoteWebDriver.findElement(RemoteWebDriver.java:350)
	at org.openqa.selenium.remote.RemoteWebDriver.findElement(RemoteWebDriver.java:344)
	at automation.testsuite.Day14_LoginTest.loginSuccessfully(Day14_LoginTest.java:26)
	at java.util.ArrayList.forEach(ArrayList.java:1259)
	at com.intellij.rt.testng.IDEARemoteTestNG.run(IDEARemoteTestNG.java:66)
	at com.intellij.rt.testng.RemoteTestNGStarter.main(RemoteTestNGStarter.java:109)
... Removed 28 stack frames
</div> <!-- stack-trace -->
                </div> <!-- method-content -->
              </div> <!-- method -->
            </div> <!-- main-panel-content rounded-window-bottom -->
          </div> <!-- suite-TestSuite-class-failed -->
          <div class="suite-TestSuite-class-passed">
            <div class="main-panel-header rounded-window-top">
              <img src="passed.png"/>
              <span class="class-name">automation.testsuite.Day18_Run_Multi_Browser</span>
            </div> <!-- main-panel-header rounded-window-top -->
            <div class="main-panel-content rounded-window-bottom">
              <div class="method">
                <div class="method-content">
                  <a name="addClientSuccess">
                  </a> <!-- addClientSuccess -->
                  <span class="method-name">addClientSuccess</span>
                </div> <!-- method-content -->
              </div> <!-- method -->
              <div class="method">
                <div class="method-content">
                  <a name="addClientSuccess">
                  </a> <!-- addClientSuccess -->
                  <span class="method-name">addClientSuccess</span>
                </div> <!-- method-content -->
              </div> <!-- method -->
              <div class="method">
                <div class="method-content">
                  <a name="addClientSuccess">
                  </a> <!-- addClientSuccess -->
                  <span class="method-name">addClientSuccess</span>
                </div> <!-- method-content -->
              </div> <!-- method -->
            </div> <!-- main-panel-content rounded-window-bottom -->
          </div> <!-- suite-TestSuite-class-passed -->
          <div class="suite-TestSuite-class-passed">
            <div class="main-panel-header rounded-window-top">
              <img src="passed.png"/>
              <span class="class-name">automation.testsuite.Day14_LoginTest</span>
            </div> <!-- main-panel-header rounded-window-top -->
            <div class="main-panel-content rounded-window-bottom">
              <div class="method">
                <div class="method-content">
                  <a name="loginFail_emailEmpty">
                  </a> <!-- loginFail_emailEmpty -->
                  <span class="method-name">loginFail_emailEmpty</span>
                </div> <!-- method-content -->
              </div> <!-- method -->
              <div class="method">
                <div class="method-content">
                  <a name="loginFail_emailEmpty">
                  </a> <!-- loginFail_emailEmpty -->
                  <span class="method-name">loginFail_emailEmpty</span>
                </div> <!-- method-content -->
              </div> <!-- method -->
              <div class="method">
                <div class="method-content">
                  <a name="loginFail_emailEmpty">
                  </a> <!-- loginFail_emailEmpty -->
                  <span class="method-name">loginFail_emailEmpty</span>
                </div> <!-- method-content -->
              </div> <!-- method -->
              <div class="method">
                <div class="method-content">
                  <a name="loginFail_emailFormatIncorrect">
                  </a> <!-- loginFail_emailFormatIncorrect -->
                  <span class="method-name">loginFail_emailFormatIncorrect</span>
                </div> <!-- method-content -->
              </div> <!-- method -->
              <div class="method">
                <div class="method-content">
                  <a name="loginFail_emailFormatIncorrect">
                  </a> <!-- loginFail_emailFormatIncorrect -->
                  <span class="method-name">loginFail_emailFormatIncorrect</span>
                </div> <!-- method-content -->
              </div> <!-- method -->
              <div class="method">
                <div class="method-content">
                  <a name="loginFail_emailFormatIncorrect">
                  </a> <!-- loginFail_emailFormatIncorrect -->
                  <span class="method-name">loginFail_emailFormatIncorrect</span>
                </div> <!-- method-content -->
              </div> <!-- method -->
              <div class="method">
                <div class="method-content">
                  <a name="loginFail_emailIncorrect">
                  </a> <!-- loginFail_emailIncorrect -->
                  <span class="method-name">loginFail_emailIncorrect</span>
                </div> <!-- method-content -->
              </div> <!-- method -->
              <div class="method">
                <div class="method-content">
                  <a name="loginFail_emailIncorrect">
                  </a> <!-- loginFail_emailIncorrect -->
                  <span class="method-name">loginFail_emailIncorrect</span>
                </div> <!-- method-content -->
              </div> <!-- method -->
              <div class="method">
                <div class="method-content">
                  <a name="loginFail_emailIncorrect">
                  </a> <!-- loginFail_emailIncorrect -->
                  <span class="method-name">loginFail_emailIncorrect</span>
                </div> <!-- method-content -->
              </div> <!-- method -->
              <div class="method">
                <div class="method-content">
                  <a name="loginFail_passwordEmpty">
                  </a> <!-- loginFail_passwordEmpty -->
                  <span class="method-name">loginFail_passwordEmpty</span>
                </div> <!-- method-content -->
              </div> <!-- method -->
              <div class="method">
                <div class="method-content">
                  <a name="loginFail_passwordEmpty">
                  </a> <!-- loginFail_passwordEmpty -->
                  <span class="method-name">loginFail_passwordEmpty</span>
                </div> <!-- method-content -->
              </div> <!-- method -->
              <div class="method">
                <div class="method-content">
                  <a name="loginFail_passwordEmpty">
                  </a> <!-- loginFail_passwordEmpty -->
                  <span class="method-name">loginFail_passwordEmpty</span>
                </div> <!-- method-content -->
              </div> <!-- method -->
              <div class="method">
                <div class="method-content">
                  <a name="loginFail_passwordIncorrect">
                  </a> <!-- loginFail_passwordIncorrect -->
                  <span class="method-name">loginFail_passwordIncorrect</span>
                </div> <!-- method-content -->
              </div> <!-- method -->
              <div class="method">
                <div class="method-content">
                  <a name="loginFail_passwordIncorrect">
                  </a> <!-- loginFail_passwordIncorrect -->
                  <span class="method-name">loginFail_passwordIncorrect</span>
                </div> <!-- method-content -->
              </div> <!-- method -->
              <div class="method">
                <div class="method-content">
                  <a name="loginFail_passwordIncorrect">
                  </a> <!-- loginFail_passwordIncorrect -->
                  <span class="method-name">loginFail_passwordIncorrect</span>
                </div> <!-- method-content -->
              </div> <!-- method -->
            </div> <!-- main-panel-content rounded-window-bottom -->
          </div> <!-- suite-TestSuite-class-passed -->
        </div> <!-- panel TestSuite -->
        <div panel-name="test-xml-TestSuite" class="panel">
          <div class="main-panel-header rounded-window-top">
            <span class="header-content">D:\work\Selenium\selenium\AutomationTest1\testng.xml</span>
          </div> <!-- main-panel-header rounded-window-top -->
          <div class="main-panel-content rounded-window-bottom">
            <pre>
&lt;?xml version=&quot;1.0&quot; encoding=&quot;UTF-8&quot;?&gt;
&lt;!DOCTYPE suite SYSTEM &quot;https://testng.org/testng-1.0.dtd&quot;&gt;
&lt;suite guice-stage=&quot;DEVELOPMENT&quot; name=&quot;TestSuite&quot;&gt;
  &lt;test thread-count=&quot;5&quot; name=&quot;Run Parallel test Firefox&quot;&gt;
    &lt;parameter name=&quot;browser&quot; value=&quot;firefox&quot;/&gt;
    &lt;classes&gt;
      &lt;class name=&quot;automation.testsuite.Day18_Run_Multi_Browser&quot;/&gt;
      &lt;class name=&quot;automation.testsuite.Day14_LoginTest&quot;/&gt;
    &lt;/classes&gt;
  &lt;/test&gt; &lt;!-- Run Parallel test Firefox --&gt;
  &lt;test thread-count=&quot;5&quot; name=&quot;Run Parallel test Edge&quot;&gt;
    &lt;parameter name=&quot;browser&quot; value=&quot;edge&quot;/&gt;
    &lt;classes&gt;
      &lt;class name=&quot;automation.testsuite.Day18_Run_Multi_Browser&quot;/&gt;
      &lt;class name=&quot;automation.testsuite.Day14_LoginTest&quot;/&gt;
    &lt;/classes&gt;
  &lt;/test&gt; &lt;!-- Run Parallel test Edge --&gt;
  &lt;test thread-count=&quot;5&quot; name=&quot;Run Parallel test Chrome&quot;&gt;
    &lt;parameter name=&quot;browser&quot; value=&quot;chrome&quot;/&gt;
    &lt;classes&gt;
      &lt;class name=&quot;automation.testsuite.Day18_Run_Multi_Browser&quot;/&gt;
      &lt;class name=&quot;automation.testsuite.Day14_LoginTest&quot;/&gt;
    &lt;/classes&gt;
  &lt;/test&gt; &lt;!-- Run Parallel test Chrome --&gt;
&lt;/suite&gt; &lt;!-- TestSuite --&gt;
            </pre>
          </div> <!-- main-panel-content rounded-window-bottom -->
        </div> <!-- panel -->
        <div panel-name="testlist-TestSuite" class="panel">
          <div class="main-panel-header rounded-window-top">
            <span class="header-content">Tests for TestSuite</span>
          </div> <!-- main-panel-header rounded-window-top -->
          <div class="main-panel-content rounded-window-bottom">
            <ul>
              <li>
                <span class="test-name">Run Parallel test Firefox (2 classes)</span>
              </li>
              <li>
                <span class="test-name">Run Parallel test Edge (2 classes)</span>
              </li>
              <li>
                <span class="test-name">Run Parallel test Chrome (2 classes)</span>
              </li>
            </ul>
          </div> <!-- main-panel-content rounded-window-bottom -->
        </div> <!-- panel -->
        <div panel-name="group-TestSuite" class="panel">
          <div class="main-panel-header rounded-window-top">
            <span class="header-content">Groups for TestSuite</span>
          </div> <!-- main-panel-header rounded-window-top -->
          <div class="main-panel-content rounded-window-bottom">
          </div> <!-- main-panel-content rounded-window-bottom -->
        </div> <!-- panel -->
        <div panel-name="times-TestSuite" class="panel">
          <div class="main-panel-header rounded-window-top">
            <span class="header-content">Times for TestSuite</span>
          </div> <!-- main-panel-header rounded-window-top -->
          <div class="main-panel-content rounded-window-bottom">
            <div class="times-div">
              <script type="text/javascript">
suiteTableInitFunctions.push('tableData_TestSuite');
function tableData_TestSuite() {
var data = new google.visualization.DataTable();
data.addColumn('number', 'Number');
data.addColumn('string', 'Method');
data.addColumn('string', 'Class');
data.addColumn('number', 'Time (ms)');
data.addRows(21);
data.setCell(0, 0, 0)
data.setCell(0, 1, 'addClientSuccess')
data.setCell(0, 2, 'automation.testsuite.Day18_Run_Multi_Browser')
data.setCell(0, 3, 17276);
data.setCell(1, 0, 1)
data.setCell(1, 1, 'addClientSuccess')
data.setCell(1, 2, 'automation.testsuite.Day18_Run_Multi_Browser')
data.setCell(1, 3, 17210);
data.setCell(2, 0, 2)
data.setCell(2, 1, 'addClientSuccess')
data.setCell(2, 2, 'automation.testsuite.Day18_Run_Multi_Browser')
data.setCell(2, 3, 16380);
data.setCell(3, 0, 3)
data.setCell(3, 1, 'loginSuccessfully')
data.setCell(3, 2, 'automation.testsuite.Day14_LoginTest')
data.setCell(3, 3, 2170);
data.setCell(4, 0, 4)
data.setCell(4, 1, 'loginSuccessfully')
data.setCell(4, 2, 'automation.testsuite.Day14_LoginTest')
data.setCell(4, 3, 2028);
data.setCell(5, 0, 5)
data.setCell(5, 1, 'loginSuccessfully')
data.setCell(5, 2, 'automation.testsuite.Day14_LoginTest')
data.setCell(5, 3, 1990);
data.setCell(6, 0, 6)
data.setCell(6, 1, 'loginFail_passwordIncorrect')
data.setCell(6, 2, 'automation.testsuite.Day14_LoginTest')
data.setCell(6, 3, 1191);
data.setCell(7, 0, 7)
data.setCell(7, 1, 'loginFail_passwordIncorrect')
data.setCell(7, 2, 'automation.testsuite.Day14_LoginTest')
data.setCell(7, 3, 1130);
data.setCell(8, 0, 8)
data.setCell(8, 1, 'loginFail_emailIncorrect')
data.setCell(8, 2, 'automation.testsuite.Day14_LoginTest')
data.setCell(8, 3, 1108);
data.setCell(9, 0, 9)
data.setCell(9, 1, 'loginFail_emailIncorrect')
data.setCell(9, 2, 'automation.testsuite.Day14_LoginTest')
data.setCell(9, 3, 1100);
data.setCell(10, 0, 10)
data.setCell(10, 1, 'loginFail_passwordIncorrect')
data.setCell(10, 2, 'automation.testsuite.Day14_LoginTest')
data.setCell(10, 3, 963);
data.setCell(11, 0, 11)
data.setCell(11, 1, 'loginFail_emailIncorrect')
data.setCell(11, 2, 'automation.testsuite.Day14_LoginTest')
data.setCell(11, 3, 949);
data.setCell(12, 0, 12)
data.setCell(12, 1, 'loginFail_emailFormatIncorrect')
data.setCell(12, 2, 'automation.testsuite.Day14_LoginTest')
data.setCell(12, 3, 324);
data.setCell(13, 0, 13)
data.setCell(13, 1, 'loginFail_passwordEmpty')
data.setCell(13, 2, 'automation.testsuite.Day14_LoginTest')
data.setCell(13, 3, 305);
data.setCell(14, 0, 14)
data.setCell(14, 1, 'loginFail_passwordEmpty')
data.setCell(14, 2, 'automation.testsuite.Day14_LoginTest')
data.setCell(14, 3, 295);
data.setCell(15, 0, 15)
data.setCell(15, 1, 'loginFail_emailFormatIncorrect')
data.setCell(15, 2, 'automation.testsuite.Day14_LoginTest')
data.setCell(15, 3, 274);
data.setCell(16, 0, 16)
data.setCell(16, 1, 'loginFail_passwordEmpty')
data.setCell(16, 2, 'automation.testsuite.Day14_LoginTest')
data.setCell(16, 3, 260);
data.setCell(17, 0, 17)
data.setCell(17, 1, 'loginFail_emailEmpty')
data.setCell(17, 2, 'automation.testsuite.Day14_LoginTest')
data.setCell(17, 3, 251);
data.setCell(18, 0, 18)
data.setCell(18, 1, 'loginFail_emailEmpty')
data.setCell(18, 2, 'automation.testsuite.Day14_LoginTest')
data.setCell(18, 3, 250);
data.setCell(19, 0, 19)
data.setCell(19, 1, 'loginFail_emailEmpty')
data.setCell(19, 2, 'automation.testsuite.Day14_LoginTest')
data.setCell(19, 3, 245);
data.setCell(20, 0, 20)
data.setCell(20, 1, 'loginFail_emailFormatIncorrect')
data.setCell(20, 2, 'automation.testsuite.Day14_LoginTest')
data.setCell(20, 3, 235);
window.suiteTableData['TestSuite']= { tableData: data, tableDiv: 'times-div-TestSuite'}
return data;
}
              </script>
              <span class="suite-total-time">Total running time: 1 minutes</span>
              <div id="times-div-TestSuite">
              </div> <!-- times-div-TestSuite -->
            </div> <!-- times-div -->
          </div> <!-- main-panel-content rounded-window-bottom -->
        </div> <!-- panel -->
        <div panel-name="reporter-TestSuite" class="panel">
          <div class="main-panel-header rounded-window-top">
            <span class="header-content">Reporter output for TestSuite</span>
          </div> <!-- main-panel-header rounded-window-top -->
          <div class="main-panel-content rounded-window-bottom">
          </div> <!-- main-panel-content rounded-window-bottom -->
        </div> <!-- panel -->
        <div panel-name="ignored-methods-TestSuite" class="panel">
          <div class="main-panel-header rounded-window-top">
            <span class="header-content">0 ignored methods</span>
          </div> <!-- main-panel-header rounded-window-top -->
          <div class="main-panel-content rounded-window-bottom">
          </div> <!-- main-panel-content rounded-window-bottom -->
        </div> <!-- panel -->
        <div panel-name="chronological-TestSuite" class="panel">
          <div class="main-panel-header rounded-window-top">
            <span class="header-content">Methods in chronological order</span>
          </div> <!-- main-panel-header rounded-window-top -->
          <div class="main-panel-content rounded-window-bottom">
            <div class="chronological-class">
              <div class="chronological-class-name">automation.testsuite.Day18_Run_Multi_Browser</div> <!-- chronological-class-name -->
              <div class="configuration-method before">
                <span class="method-name">openDriver(firefox)</span>
                <span class="method-start">0 ms</span>
              </div> <!-- configuration-method before -->
              <div class="test-method">
                <span class="method-name">addClientSuccess</span>
                <span class="method-start">10361 ms</span>
              </div> <!-- test-method -->
              <div class="configuration-method after">
                <span class="method-name">closeDriver</span>
                <span class="method-start">27640 ms</span>
              </div> <!-- configuration-method after -->
            </div> <!-- chronological-class -->
            <div class="chronological-class">
              <div class="chronological-class-name">automation.testsuite.Day14_LoginTest</div> <!-- chronological-class-name -->
              <div class="configuration-method before">
                <span class="method-name">openDriver(firefox)</span>
                <span class="method-start">28706 ms</span>
              </div> <!-- configuration-method before -->
              <div class="test-method">
                <span class="method-name">loginFail_emailEmpty</span>
                <span class="method-start">39374 ms</span>
              </div> <!-- test-method -->
              <div class="configuration-method after">
                <span class="method-name">closeDriver</span>
                <span class="method-start">39625 ms</span>
              </div> <!-- configuration-method after -->
              <div class="configuration-method before">
                <span class="method-name">openDriver(firefox)</span>
                <span class="method-start">39726 ms</span>
              </div> <!-- configuration-method before -->
              <div class="test-method">
                <span class="method-name">loginFail_emailFormatIncorrect</span>
                <span class="method-start">49694 ms</span>
              </div> <!-- test-method -->
              <div class="configuration-method after">
                <span class="method-name">closeDriver</span>
                <span class="method-start">49929 ms</span>
              </div> <!-- configuration-method after -->
              <div class="configuration-method before">
                <span class="method-name">openDriver(firefox)</span>
                <span class="method-start">50035 ms</span>
              </div> <!-- configuration-method before -->
              <div class="test-method">
                <span class="method-name">loginFail_emailIncorrect</span>
                <span class="method-start">62115 ms</span>
              </div> <!-- test-method -->
              <div class="configuration-method after">
                <span class="method-name">closeDriver</span>
                <span class="method-start">63064 ms</span>
              </div> <!-- configuration-method after -->
              <div class="configuration-method before">
                <span class="method-name">openDriver(firefox)</span>
                <span class="method-start">63164 ms</span>
              </div> <!-- configuration-method before -->
              <div class="test-method">
                <span class="method-name">loginFail_passwordEmpty</span>
                <span class="method-start">73555 ms</span>
              </div> <!-- test-method -->
              <div class="configuration-method after">
                <span class="method-name">closeDriver</span>
                <span class="method-start">73860 ms</span>
              </div> <!-- configuration-method after -->
              <div class="configuration-method before">
                <span class="method-name">openDriver(firefox)</span>
                <span class="method-start">73932 ms</span>
              </div> <!-- configuration-method before -->
              <div class="test-method">
                <span class="method-name">loginFail_passwordIncorrect</span>
                <span class="method-start">84091 ms</span>
              </div> <!-- test-method -->
              <div class="configuration-method after">
                <span class="method-name">closeDriver</span>
                <span class="method-start">85054 ms</span>
              </div> <!-- configuration-method after -->
              <div class="configuration-method before">
                <span class="method-name">openDriver(firefox)</span>
                <span class="method-start">85164 ms</span>
              </div> <!-- configuration-method before -->
              <div class="test-method">
                <img src="failed.png">
                </img>
                <span class="method-name">loginSuccessfully</span>
                <span class="method-start">94514 ms</span>
              </div> <!-- test-method -->
              <div class="configuration-method after">
                <span class="method-name">closeDriver</span>
                <span class="method-start">96504 ms</span>
              </div> <!-- configuration-method after -->
            </div> <!-- chronological-class -->
            <div class="chronological-class">
              <div class="chronological-class-name">automation.testsuite.Day18_Run_Multi_Browser</div> <!-- chronological-class-name -->
              <div class="configuration-method before">
                <span class="method-name">openDriver(edge)</span>
                <span class="method-start">96624 ms</span>
              </div> <!-- configuration-method before -->
              <div class="test-method">
                <span class="method-name">addClientSuccess</span>
                <span class="method-start">102684 ms</span>
              </div> <!-- test-method -->
              <div class="configuration-method after">
                <span class="method-name">closeDriver</span>
                <span class="method-start">119894 ms</span>
              </div> <!-- configuration-method after -->
            </div> <!-- chronological-class -->
            <div class="chronological-class">
              <div class="chronological-class-name">automation.testsuite.Day14_LoginTest</div> <!-- chronological-class-name -->
              <div class="configuration-method before">
                <span class="method-name">openDriver(edge)</span>
                <span class="method-start">120084 ms</span>
              </div> <!-- configuration-method before -->
              <div class="test-method">
                <span class="method-name">loginFail_emailEmpty</span>
                <span class="method-start">127325 ms</span>
              </div> <!-- test-method -->
              <div class="configuration-method after">
                <span class="method-name">closeDriver</span>
                <span class="method-start">127570 ms</span>
              </div> <!-- configuration-method after -->
              <div class="configuration-method before">
                <span class="method-name">openDriver(edge)</span>
                <span class="method-start">127664 ms</span>
              </div> <!-- configuration-method before -->
              <div class="test-method">
                <span class="method-name">loginFail_emailFormatIncorrect</span>
                <span class="method-start">135262 ms</span>
              </div> <!-- test-method -->
              <div class="configuration-method after">
                <span class="method-name">closeDriver</span>
                <span class="method-start">135536 ms</span>
              </div> <!-- configuration-method after -->
              <div class="configuration-method before">
                <span class="method-name">openDriver(edge)</span>
                <span class="method-start">135644 ms</span>
              </div> <!-- configuration-method before -->
              <div class="test-method">
                <span class="method-name">loginFail_emailIncorrect</span>
                <span class="method-start">145621 ms</span>
              </div> <!-- test-method -->
              <div class="configuration-method after">
                <span class="method-name">closeDriver</span>
                <span class="method-start">146725 ms</span>
              </div> <!-- configuration-method after -->
              <div class="configuration-method before">
                <span class="method-name">openDriver(edge)</span>
                <span class="method-start">146824 ms</span>
              </div> <!-- configuration-method before -->
              <div class="test-method">
                <span class="method-name">loginFail_passwordEmpty</span>
                <span class="method-start">154354 ms</span>
              </div> <!-- test-method -->
              <div class="configuration-method after">
                <span class="method-name">closeDriver</span>
                <span class="method-start">154614 ms</span>
              </div> <!-- configuration-method after -->
              <div class="configuration-method before">
                <span class="method-name">openDriver(edge)</span>
                <span class="method-start">154710 ms</span>
              </div> <!-- configuration-method before -->
              <div class="test-method">
                <span class="method-name">loginFail_passwordIncorrect</span>
                <span class="method-start">162304 ms</span>
              </div> <!-- test-method -->
              <div class="configuration-method after">
                <span class="method-name">closeDriver</span>
                <span class="method-start">163434 ms</span>
              </div> <!-- configuration-method after -->
              <div class="configuration-method before">
                <span class="method-name">openDriver(edge)</span>
                <span class="method-start">163536 ms</span>
              </div> <!-- configuration-method before -->
              <div class="test-method">
                <img src="failed.png">
                </img>
                <span class="method-name">loginSuccessfully</span>
                <span class="method-start">170926 ms</span>
              </div> <!-- test-method -->
              <div class="configuration-method after">
                <span class="method-name">closeDriver</span>
                <span class="method-start">172954 ms</span>
              </div> <!-- configuration-method after -->
            </div> <!-- chronological-class -->
            <div class="chronological-class">
              <div class="chronological-class-name">automation.testsuite.Day18_Run_Multi_Browser</div> <!-- chronological-class-name -->
              <div class="configuration-method before">
                <span class="method-name">openDriver(chrome)</span>
                <span class="method-start">173074 ms</span>
              </div> <!-- configuration-method before -->
              <div class="test-method">
                <span class="method-name">addClientSuccess</span>
                <span class="method-start">178164 ms</span>
              </div> <!-- test-method -->
              <div class="configuration-method after">
                <span class="method-name">closeDriver</span>
                <span class="method-start">194544 ms</span>
              </div> <!-- configuration-method after -->
            </div> <!-- chronological-class -->
            <div class="chronological-class">
              <div class="chronological-class-name">automation.testsuite.Day14_LoginTest</div> <!-- chronological-class-name -->
              <div class="configuration-method before">
                <span class="method-name">openDriver(chrome)</span>
                <span class="method-start">194664 ms</span>
              </div> <!-- configuration-method before -->
              <div class="test-method">
                <span class="method-name">loginFail_emailEmpty</span>
                <span class="method-start">200845 ms</span>
              </div> <!-- test-method -->
              <div class="configuration-method after">
                <span class="method-name">closeDriver</span>
                <span class="method-start">201095 ms</span>
              </div> <!-- configuration-method after -->
              <div class="configuration-method before">
                <span class="method-name">openDriver(chrome)</span>
                <span class="method-start">201204 ms</span>
              </div> <!-- configuration-method before -->
              <div class="test-method">
                <span class="method-name">loginFail_emailFormatIncorrect</span>
                <span class="method-start">214954 ms</span>
              </div> <!-- test-method -->
              <div class="configuration-method after">
                <span class="method-name">closeDriver</span>
                <span class="method-start">215278 ms</span>
              </div> <!-- configuration-method after -->
              <div class="configuration-method before">
                <span class="method-name">openDriver(chrome)</span>
                <span class="method-start">215384 ms</span>
              </div> <!-- configuration-method before -->
              <div class="test-method">
                <span class="method-name">loginFail_emailIncorrect</span>
                <span class="method-start">223336 ms</span>
              </div> <!-- test-method -->
              <div class="configuration-method after">
                <span class="method-name">closeDriver</span>
                <span class="method-start">224444 ms</span>
              </div> <!-- configuration-method after -->
              <div class="configuration-method before">
                <span class="method-name">openDriver(chrome)</span>
                <span class="method-start">224585 ms</span>
              </div> <!-- configuration-method before -->
              <div class="test-method">
                <span class="method-name">loginFail_passwordEmpty</span>
                <span class="method-start">230370 ms</span>
              </div> <!-- test-method -->
              <div class="configuration-method after">
                <span class="method-name">closeDriver</span>
                <span class="method-start">230674 ms</span>
              </div> <!-- configuration-method after -->
              <div class="configuration-method before">
                <span class="method-name">openDriver(chrome)</span>
                <span class="method-start">230815 ms</span>
              </div> <!-- configuration-method before -->
              <div class="test-method">
                <span class="method-name">loginFail_passwordIncorrect</span>
                <span class="method-start">238835 ms</span>
              </div> <!-- test-method -->
              <div class="configuration-method after">
                <span class="method-name">closeDriver</span>
                <span class="method-start">240026 ms</span>
              </div> <!-- configuration-method after -->
              <div class="configuration-method before">
                <span class="method-name">openDriver(chrome)</span>
                <span class="method-start">240124 ms</span>
              </div> <!-- configuration-method before -->
              <div class="test-method">
                <img src="failed.png">
                </img>
                <span class="method-name">loginSuccessfully</span>
                <span class="method-start">249154 ms</span>
              </div> <!-- test-method -->
              <div class="configuration-method after">
                <span class="method-name">closeDriver</span>
                <span class="method-start">251324 ms</span>
              </div> <!-- configuration-method after -->
          </div> <!-- main-panel-content rounded-window-bottom -->
        </div> <!-- panel -->
      </div> <!-- main-panel-root -->
    </div> <!-- wrapper -->
  </body>
<script type="text/javascript" src="testng-reports2.js"></script>
</html>
