<?xml version="1.0" encoding="UTF-8"?>
<testng-results skipped="0" failed="3" ignored="0" total="21" passed="18">
  <reporter-output>
  </reporter-output>
  <suite name="TestSuite" duration-ms="251440" started-at="2024-03-17T20:51:27 ICT" finished-at="2024-03-17T20:55:38 ICT">
    <groups>
    </groups>
    <test name="Run Parallel test Firefox" duration-ms="96631" started-at="2024-03-17T20:51:27 ICT" finished-at="2024-03-17T20:53:03 ICT">
      <class name="automation.testsuite.Day18_Run_Multi_Browser">
        <test-method status="PASS" signature="openDriver(java.lang.String)[pri:0, instance:automation.testsuite.Day18_Run_Multi_Browser@61f8bee4]" name="openDriver" is-config="true" duration-ms="10360" started-at="2024-03-17T20:51:27 ICT" finished-at="2024-03-17T20:51:37 ICT">
          <params>
            <param index="0">
              <value>
                <![CDATA[firefox]]>
              </value>
            </param>
          </params>
          <reporter-output>
          </reporter-output>
        </test-method> <!-- openDriver -->
        <test-method status="PASS" signature="addClientSuccess()[pri:0, instance:automation.testsuite.Day18_Run_Multi_Browser@61f8bee4]" name="addClientSuccess" duration-ms="17276" started-at="2024-03-17T20:51:37 ICT" finished-at="2024-03-17T20:51:54 ICT">
          <reporter-output>
          </reporter-output>
        </test-method> <!-- addClientSuccess -->
        <test-method status="PASS" signature="closeDriver()[pri:0, instance:automation.testsuite.Day18_Run_Multi_Browser@61f8bee4]" name="closeDriver" is-config="true" duration-ms="1066" started-at="2024-03-17T20:51:54 ICT" finished-at="2024-03-17T20:51:55 ICT">
          <reporter-output>
          </reporter-output>
        </test-method> <!-- closeDriver -->
      </class> <!-- automation.testsuite.Day18_Run_Multi_Browser -->
      <class name="automation.testsuite.Day14_LoginTest">
        <test-method status="PASS" signature="openDriver(java.lang.String)[pri:0, instance:automation.testsuite.Day14_LoginTest@5e853265]" name="openDriver" is-config="true" duration-ms="10668" started-at="2024-03-17T20:51:55 ICT" finished-at="2024-03-17T20:52:06 ICT">
          <params>
            <param index="0">
              <value>
                <![CDATA[firefox]]>
              </value>
            </param>
          </params>
          <reporter-output>
          </reporter-output>
        </test-method> <!-- openDriver -->
        <test-method status="PASS" signature="loginFail_emailEmpty()[pri:0, instance:automation.testsuite.Day14_LoginTest@5e853265]" name="loginFail_emailEmpty" duration-ms="251" started-at="2024-03-17T20:52:06 ICT" finished-at="2024-03-17T20:52:06 ICT">
          <reporter-output>
          </reporter-output>
        </test-method> <!-- loginFail_emailEmpty -->
        <test-method status="PASS" signature="closeDriver()[pri:0, instance:automation.testsuite.Day14_LoginTest@5e853265]" name="closeDriver" is-config="true" duration-ms="101" started-at="2024-03-17T20:52:06 ICT" finished-at="2024-03-17T20:52:06 ICT">
          <reporter-output>
          </reporter-output>
        </test-method> <!-- closeDriver -->
        <test-method status="PASS" signature="openDriver(java.lang.String)[pri:0, instance:automation.testsuite.Day14_LoginTest@5e853265]" name="openDriver" is-config="true" duration-ms="9968" started-at="2024-03-17T20:52:06 ICT" finished-at="2024-03-17T20:52:16 ICT">
          <params>
            <param index="0">
              <value>
                <![CDATA[firefox]]>
              </value>
            </param>
          </params>
          <reporter-output>
          </reporter-output>
        </test-method> <!-- openDriver -->
        <test-method status="PASS" signature="loginFail_emailFormatIncorrect()[pri:0, instance:automation.testsuite.Day14_LoginTest@5e853265]" name="loginFail_emailFormatIncorrect" duration-ms="235" started-at="2024-03-17T20:52:16 ICT" finished-at="2024-03-17T20:52:17 ICT">
          <reporter-output>
          </reporter-output>
        </test-method> <!-- loginFail_emailFormatIncorrect -->
        <test-method status="PASS" signature="closeDriver()[pri:0, instance:automation.testsuite.Day14_LoginTest@5e853265]" name="closeDriver" is-config="true" duration-ms="106" started-at="2024-03-17T20:52:17 ICT" finished-at="2024-03-17T20:52:17 ICT">
          <reporter-output>
          </reporter-output>
        </test-method> <!-- closeDriver -->
        <test-method status="PASS" signature="openDriver(java.lang.String)[pri:0, instance:automation.testsuite.Day14_LoginTest@5e853265]" name="openDriver" is-config="true" duration-ms="12080" started-at="2024-03-17T20:52:17 ICT" finished-at="2024-03-17T20:52:29 ICT">
          <params>
            <param index="0">
              <value>
                <![CDATA[firefox]]>
              </value>
            </param>
          </params>
          <reporter-output>
          </reporter-output>
        </test-method> <!-- openDriver -->
        <test-method status="PASS" signature="loginFail_emailIncorrect()[pri:0, instance:automation.testsuite.Day14_LoginTest@5e853265]" name="loginFail_emailIncorrect" duration-ms="949" started-at="2024-03-17T20:52:29 ICT" finished-at="2024-03-17T20:52:30 ICT">
          <reporter-output>
          </reporter-output>
        </test-method> <!-- loginFail_emailIncorrect -->
        <test-method status="PASS" signature="closeDriver()[pri:0, instance:automation.testsuite.Day14_LoginTest@5e853265]" name="closeDriver" is-config="true" duration-ms="100" started-at="2024-03-17T20:52:30 ICT" finished-at="2024-03-17T20:52:30 ICT">
          <reporter-output>
          </reporter-output>
        </test-method> <!-- closeDriver -->
        <test-method status="PASS" signature="openDriver(java.lang.String)[pri:0, instance:automation.testsuite.Day14_LoginTest@5e853265]" name="openDriver" is-config="true" duration-ms="10391" started-at="2024-03-17T20:52:30 ICT" finished-at="2024-03-17T20:52:40 ICT">
          <params>
            <param index="0">
              <value>
                <![CDATA[firefox]]>
              </value>
            </param>
          </params>
          <reporter-output>
          </reporter-output>
        </test-method> <!-- openDriver -->
        <test-method status="PASS" signature="loginFail_passwordEmpty()[pri:0, instance:automation.testsuite.Day14_LoginTest@5e853265]" name="loginFail_passwordEmpty" duration-ms="305" started-at="2024-03-17T20:52:40 ICT" finished-at="2024-03-17T20:52:41 ICT">
          <reporter-output>
          </reporter-output>
        </test-method> <!-- loginFail_passwordEmpty -->
        <test-method status="PASS" signature="closeDriver()[pri:0, instance:automation.testsuite.Day14_LoginTest@5e853265]" name="closeDriver" is-config="true" duration-ms="72" started-at="2024-03-17T20:52:41 ICT" finished-at="2024-03-17T20:52:41 ICT">
          <reporter-output>
          </reporter-output>
        </test-method> <!-- closeDriver -->
        <test-method status="PASS" signature="openDriver(java.lang.String)[pri:0, instance:automation.testsuite.Day14_LoginTest@5e853265]" name="openDriver" is-config="true" duration-ms="10159" started-at="2024-03-17T20:52:41 ICT" finished-at="2024-03-17T20:52:51 ICT">
          <params>
            <param index="0">
              <value>
                <![CDATA[firefox]]>
              </value>
            </param>
          </params>
          <reporter-output>
          </reporter-output>
        </test-method> <!-- openDriver -->
        <test-method status="PASS" signature="loginFail_passwordIncorrect()[pri:0, instance:automation.testsuite.Day14_LoginTest@5e853265]" name="loginFail_passwordIncorrect" duration-ms="963" started-at="2024-03-17T20:52:51 ICT" finished-at="2024-03-17T20:52:52 ICT">
          <reporter-output>
          </reporter-output>
        </test-method> <!-- loginFail_passwordIncorrect -->
        <test-method status="PASS" signature="closeDriver()[pri:0, instance:automation.testsuite.Day14_LoginTest@5e853265]" name="closeDriver" is-config="true" duration-ms="110" started-at="2024-03-17T20:52:52 ICT" finished-at="2024-03-17T20:52:52 ICT">
          <reporter-output>
          </reporter-output>
        </test-method> <!-- closeDriver -->
        <test-method status="PASS" signature="openDriver(java.lang.String)[pri:0, instance:automation.testsuite.Day14_LoginTest@5e853265]" name="openDriver" is-config="true" duration-ms="9350" started-at="2024-03-17T20:52:52 ICT" finished-at="2024-03-17T20:53:01 ICT">
          <params>
            <param index="0">
              <value>
                <![CDATA[firefox]]>
              </value>
            </param>
          </params>
          <reporter-output>
          </reporter-output>
        </test-method> <!-- openDriver -->
        <test-method status="FAIL" signature="loginSuccessfully()[pri:0, instance:automation.testsuite.Day14_LoginTest@5e853265]" name="loginSuccessfully" duration-ms="1990" started-at="2024-03-17T20:53:01 ICT" finished-at="2024-03-17T20:53:03 ICT">
          <exception class="org.openqa.selenium.NoSuchElementException">
            <message>
              <![CDATA[no such element: Unable to locate element: {"method":"xpath","selector":"//h4[text()='Dashboard']"}
  (Session info: chrome=122.0.6261.129)
For documentation on this error, please visit: https://www.selenium.dev/documentation/webdriver/troubleshooting/errors#no-such-element-exception
Build info: version: '4.10.0', revision: 'c14d967899'
System info: os.name: 'Windows 10', os.arch: 'amd64', os.version: '10.0', java.version: '1.8.0_392'
Driver info: org.openqa.selenium.chrome.ChromeDriver
Command: [0ea57d881ef0b1842f75986cc80cd7b6, findElement {using=xpath, value=//h4[text()='Dashboard']}]
Capabilities {acceptInsecureCerts: false, browserName: chrome, browserVersion: 122.0.6261.129, chrome: {chromedriverVersion: 122.0.6261.128 (f18a44fedeb..., userDataDir: C:\Users\Admin\AppData\Loca...}, fedcm:accounts: true, goog:chromeOptions: {debuggerAddress: localhost:59931}, networkConnectionEnabled: false, pageLoadStrategy: normal, platformName: windows, proxy: Proxy(), se:cdp: ws://localhost:59931/devtoo..., se:cdpVersion: 122.0.6261.129, setWindowRect: true, strictFileInteractability: false, timeouts: {implicit: 0, pageLoad: 300000, script: 30000}, unhandledPromptBehavior: dismiss and notify, webauthn:extension:credBlob: true, webauthn:extension:largeBlob: true, webauthn:extension:minPinLength: true, webauthn:extension:prf: true, webauthn:virtualAuthenticators: true}
Session ID: 0ea57d881ef0b1842f75986cc80cd7b6]]>
            </message>
            <full-stacktrace>
              <![CDATA[org.openqa.selenium.NoSuchElementException: no such element: Unable to locate element: {"method":"xpath","selector":"//h4[text()='Dashboard']"}
  (Session info: chrome=122.0.6261.129)
For documentation on this error, please visit: https://www.selenium.dev/documentation/webdriver/troubleshooting/errors#no-such-element-exception
Build info: version: '4.10.0', revision: 'c14d967899'
System info: os.name: 'Windows 10', os.arch: 'amd64', os.version: '10.0', java.version: '1.8.0_392'
Driver info: org.openqa.selenium.chrome.ChromeDriver
Command: [0ea57d881ef0b1842f75986cc80cd7b6, findElement {using=xpath, value=//h4[text()='Dashboard']}]
Capabilities {acceptInsecureCerts: false, browserName: chrome, browserVersion: 122.0.6261.129, chrome: {chromedriverVersion: 122.0.6261.128 (f18a44fedeb..., userDataDir: C:\Users\Admin\AppData\Loca...}, fedcm:accounts: true, goog:chromeOptions: {debuggerAddress: localhost:59931}, networkConnectionEnabled: false, pageLoadStrategy: normal, platformName: windows, proxy: Proxy(), se:cdp: ws://localhost:59931/devtoo..., se:cdpVersion: 122.0.6261.129, setWindowRect: true, strictFileInteractability: false, timeouts: {implicit: 0, pageLoad: 300000, script: 30000}, unhandledPromptBehavior: dismiss and notify, webauthn:extension:credBlob: true, webauthn:extension:largeBlob: true, webauthn:extension:minPinLength: true, webauthn:extension:prf: true, webauthn:virtualAuthenticators: true}
Session ID: 0ea57d881ef0b1842f75986cc80cd7b6
at sun.reflect.NativeConstructorAccessorImpl.newInstance0(Native Method)
at sun.reflect.NativeConstructorAccessorImpl.newInstance(NativeConstructorAccessorImpl.java:62)
at sun.reflect.DelegatingConstructorAccessorImpl.newInstance(DelegatingConstructorAccessorImpl.java:45)
at java.lang.reflect.Constructor.newInstance(Constructor.java:423)
at org.openqa.selenium.remote.codec.w3c.W3CHttpResponseCodec.createException(W3CHttpResponseCodec.java:199)
at org.openqa.selenium.remote.codec.w3c.W3CHttpResponseCodec.decode(W3CHttpResponseCodec.java:132)
at org.openqa.selenium.remote.codec.w3c.W3CHttpResponseCodec.decode(W3CHttpResponseCodec.java:51)
at org.openqa.selenium.remote.HttpCommandExecutor.execute(HttpCommandExecutor.java:191)
at org.openqa.selenium.remote.service.DriverCommandExecutor.invokeExecute(DriverCommandExecutor.java:196)
at org.openqa.selenium.remote.service.DriverCommandExecutor.execute(DriverCommandExecutor.java:171)
at org.openqa.selenium.remote.RemoteWebDriver.execute(RemoteWebDriver.java:531)
at org.openqa.selenium.remote.ElementLocation$ElementFinder$2.findElement(ElementLocation.java:165)
at org.openqa.selenium.remote.ElementLocation.findElement(ElementLocation.java:59)
at org.openqa.selenium.remote.RemoteWebDriver.findElement(RemoteWebDriver.java:350)
at org.openqa.selenium.remote.RemoteWebDriver.findElement(RemoteWebDriver.java:344)
at automation.testsuite.Day14_LoginTest.loginSuccessfully(Day14_LoginTest.java:26)
at sun.reflect.NativeMethodAccessorImpl.invoke0(Native Method)
at sun.reflect.NativeMethodAccessorImpl.invoke(NativeMethodAccessorImpl.java:62)
at sun.reflect.DelegatingMethodAccessorImpl.invoke(DelegatingMethodAccessorImpl.java:43)
at java.lang.reflect.Method.invoke(Method.java:498)
at org.testng.internal.MethodInvocationHelper.invokeMethod(MethodInvocationHelper.java:133)
at org.testng.internal.TestInvoker.invokeMethod(TestInvoker.java:598)
at org.testng.internal.TestInvoker.invokeTestMethod(TestInvoker.java:173)
at org.testng.internal.MethodRunner.runInSequence(MethodRunner.java:46)
at org.testng.internal.TestInvoker$MethodInvocationAgent.invoke(TestInvoker.java:824)
at org.testng.internal.TestInvoker.invokeTestMethods(TestInvoker.java:146)
at org.testng.internal.TestMethodWorker.invokeTestMethods(TestMethodWorker.java:146)
at org.testng.internal.TestMethodWorker.run(TestMethodWorker.java:128)
at java.util.ArrayList.forEach(ArrayList.java:1259)
at org.testng.TestRunner.privateRun(TestRunner.java:794)
at org.testng.TestRunner.run(TestRunner.java:596)
at org.testng.SuiteRunner.runTest(SuiteRunner.java:377)
at org.testng.SuiteRunner.runSequentially(SuiteRunner.java:371)
at org.testng.SuiteRunner.privateRun(SuiteRunner.java:332)
at org.testng.SuiteRunner.run(SuiteRunner.java:276)
at org.testng.SuiteRunnerWorker.runSuite(SuiteRunnerWorker.java:53)
at org.testng.SuiteRunnerWorker.run(SuiteRunnerWorker.java:96)
at org.testng.TestNG.runSuitesSequentially(TestNG.java:1212)
at org.testng.TestNG.runSuitesLocally(TestNG.java:1134)
at org.testng.TestNG.runSuites(TestNG.java:1063)
at org.testng.TestNG.run(TestNG.java:1031)
at com.intellij.rt.testng.IDEARemoteTestNG.run(IDEARemoteTestNG.java:66)
at com.intellij.rt.testng.RemoteTestNGStarter.main(RemoteTestNGStarter.java:109)
]]>
            </full-stacktrace>
          </exception> <!-- org.openqa.selenium.NoSuchElementException -->
          <reporter-output>
          </reporter-output>
        </test-method> <!-- loginSuccessfully -->
        <test-method status="PASS" signature="closeDriver()[pri:0, instance:automation.testsuite.Day14_LoginTest@5e853265]" name="closeDriver" is-config="true" duration-ms="101" started-at="2024-03-17T20:53:03 ICT" finished-at="2024-03-17T20:53:03 ICT">
          <reporter-output>
          </reporter-output>
        </test-method> <!-- closeDriver -->
      </class> <!-- automation.testsuite.Day14_LoginTest -->
    </test> <!-- Run Parallel test Firefox -->
    <test name="Run Parallel test Edge" duration-ms="76440" started-at="2024-03-17T20:53:03 ICT" finished-at="2024-03-17T20:54:20 ICT">
      <class name="automation.testsuite.Day18_Run_Multi_Browser">
        <test-method status="PASS" signature="openDriver(java.lang.String)[pri:0, instance:automation.testsuite.Day18_Run_Multi_Browser@6acdbdf5]" name="openDriver" is-config="true" duration-ms="6060" started-at="2024-03-17T20:53:03 ICT" finished-at="2024-03-17T20:53:09 ICT">
          <params>
            <param index="0">
              <value>
                <![CDATA[edge]]>
              </value>
            </param>
          </params>
          <reporter-output>
          </reporter-output>
        </test-method> <!-- openDriver -->
        <test-method status="PASS" signature="addClientSuccess()[pri:0, instance:automation.testsuite.Day18_Run_Multi_Browser@6acdbdf5]" name="addClientSuccess" duration-ms="17210" started-at="2024-03-17T20:53:09 ICT" finished-at="2024-03-17T20:53:27 ICT">
          <reporter-output>
          </reporter-output>
        </test-method> <!-- addClientSuccess -->
        <test-method status="PASS" signature="closeDriver()[pri:0, instance:automation.testsuite.Day18_Run_Multi_Browser@6acdbdf5]" name="closeDriver" is-config="true" duration-ms="190" started-at="2024-03-17T20:53:27 ICT" finished-at="2024-03-17T20:53:27 ICT">
          <reporter-output>
          </reporter-output>
        </test-method> <!-- closeDriver -->
      </class> <!-- automation.testsuite.Day18_Run_Multi_Browser -->
      <class name="automation.testsuite.Day14_LoginTest">
        <test-method status="PASS" signature="openDriver(java.lang.String)[pri:0, instance:automation.testsuite.Day14_LoginTest@4b1c1ea0]" name="openDriver" is-config="true" duration-ms="7241" started-at="2024-03-17T20:53:27 ICT" finished-at="2024-03-17T20:53:34 ICT">
          <params>
            <param index="0">
              <value>
                <![CDATA[edge]]>
              </value>
            </param>
          </params>
          <reporter-output>
          </reporter-output>
        </test-method> <!-- openDriver -->
        <test-method status="PASS" signature="loginFail_emailEmpty()[pri:0, instance:automation.testsuite.Day14_LoginTest@4b1c1ea0]" name="loginFail_emailEmpty" duration-ms="245" started-at="2024-03-17T20:53:34 ICT" finished-at="2024-03-17T20:53:34 ICT">
          <reporter-output>
          </reporter-output>
        </test-method> <!-- loginFail_emailEmpty -->
        <test-method status="PASS" signature="closeDriver()[pri:0, instance:automation.testsuite.Day14_LoginTest@4b1c1ea0]" name="closeDriver" is-config="true" duration-ms="94" started-at="2024-03-17T20:53:34 ICT" finished-at="2024-03-17T20:53:34 ICT">
          <reporter-output>
          </reporter-output>
        </test-method> <!-- closeDriver -->
        <test-method status="PASS" signature="openDriver(java.lang.String)[pri:0, instance:automation.testsuite.Day14_LoginTest@4b1c1ea0]" name="openDriver" is-config="true" duration-ms="7598" started-at="2024-03-17T20:53:34 ICT" finished-at="2024-03-17T20:53:42 ICT">
          <params>
            <param index="0">
              <value>
                <![CDATA[edge]]>
              </value>
            </param>
          </params>
          <reporter-output>
          </reporter-output>
        </test-method> <!-- openDriver -->
        <test-method status="PASS" signature="loginFail_emailFormatIncorrect()[pri:0, instance:automation.testsuite.Day14_LoginTest@4b1c1ea0]" name="loginFail_emailFormatIncorrect" duration-ms="274" started-at="2024-03-17T20:53:42 ICT" finished-at="2024-03-17T20:53:42 ICT">
          <reporter-output>
          </reporter-output>
        </test-method> <!-- loginFail_emailFormatIncorrect -->
        <test-method status="PASS" signature="closeDriver()[pri:0, instance:automation.testsuite.Day14_LoginTest@4b1c1ea0]" name="closeDriver" is-config="true" duration-ms="108" started-at="2024-03-17T20:53:42 ICT" finished-at="2024-03-17T20:53:42 ICT">
          <reporter-output>
          </reporter-output>
        </test-method> <!-- closeDriver -->
        <test-method status="PASS" signature="openDriver(java.lang.String)[pri:0, instance:automation.testsuite.Day14_LoginTest@4b1c1ea0]" name="openDriver" is-config="true" duration-ms="9977" started-at="2024-03-17T20:53:42 ICT" finished-at="2024-03-17T20:53:52 ICT">
          <params>
            <param index="0">
              <value>
                <![CDATA[edge]]>
              </value>
            </param>
          </params>
          <reporter-output>
          </reporter-output>
        </test-method> <!-- openDriver -->
        <test-method status="PASS" signature="loginFail_emailIncorrect()[pri:0, instance:automation.testsuite.Day14_LoginTest@4b1c1ea0]" name="loginFail_emailIncorrect" duration-ms="1100" started-at="2024-03-17T20:53:52 ICT" finished-at="2024-03-17T20:53:53 ICT">
          <reporter-output>
          </reporter-output>
        </test-method> <!-- loginFail_emailIncorrect -->
        <test-method status="PASS" signature="closeDriver()[pri:0, instance:automation.testsuite.Day14_LoginTest@4b1c1ea0]" name="closeDriver" is-config="true" duration-ms="99" started-at="2024-03-17T20:53:53 ICT" finished-at="2024-03-17T20:53:54 ICT">
          <reporter-output>
          </reporter-output>
        </test-method> <!-- closeDriver -->
        <test-method status="PASS" signature="openDriver(java.lang.String)[pri:0, instance:automation.testsuite.Day14_LoginTest@4b1c1ea0]" name="openDriver" is-config="true" duration-ms="7530" started-at="2024-03-17T20:53:54 ICT" finished-at="2024-03-17T20:54:01 ICT">
          <params>
            <param index="0">
              <value>
                <![CDATA[edge]]>
              </value>
            </param>
          </params>
          <reporter-output>
          </reporter-output>
        </test-method> <!-- openDriver -->
        <test-method status="PASS" signature="loginFail_passwordEmpty()[pri:0, instance:automation.testsuite.Day14_LoginTest@4b1c1ea0]" name="loginFail_passwordEmpty" duration-ms="260" started-at="2024-03-17T20:54:01 ICT" finished-at="2024-03-17T20:54:01 ICT">
          <reporter-output>
          </reporter-output>
        </test-method> <!-- loginFail_passwordEmpty -->
        <test-method status="PASS" signature="closeDriver()[pri:0, instance:automation.testsuite.Day14_LoginTest@4b1c1ea0]" name="closeDriver" is-config="true" duration-ms="96" started-at="2024-03-17T20:54:01 ICT" finished-at="2024-03-17T20:54:01 ICT">
          <reporter-output>
          </reporter-output>
        </test-method> <!-- closeDriver -->
        <test-method status="PASS" signature="openDriver(java.lang.String)[pri:0, instance:automation.testsuite.Day14_LoginTest@4b1c1ea0]" name="openDriver" is-config="true" duration-ms="7585" started-at="2024-03-17T20:54:01 ICT" finished-at="2024-03-17T20:54:09 ICT">
          <params>
            <param index="0">
              <value>
                <![CDATA[edge]]>
              </value>
            </param>
          </params>
          <reporter-output>
          </reporter-output>
        </test-method> <!-- openDriver -->
        <test-method status="PASS" signature="loginFail_passwordIncorrect()[pri:0, instance:automation.testsuite.Day14_LoginTest@4b1c1ea0]" name="loginFail_passwordIncorrect" duration-ms="1130" started-at="2024-03-17T20:54:09 ICT" finished-at="2024-03-17T20:54:10 ICT">
          <reporter-output>
          </reporter-output>
        </test-method> <!-- loginFail_passwordIncorrect -->
        <test-method status="PASS" signature="closeDriver()[pri:0, instance:automation.testsuite.Day14_LoginTest@4b1c1ea0]" name="closeDriver" is-config="true" duration-ms="94" started-at="2024-03-17T20:54:10 ICT" finished-at="2024-03-17T20:54:10 ICT">
          <reporter-output>
          </reporter-output>
        </test-method> <!-- closeDriver -->
        <test-method status="PASS" signature="openDriver(java.lang.String)[pri:0, instance:automation.testsuite.Day14_LoginTest@4b1c1ea0]" name="openDriver" is-config="true" duration-ms="7390" started-at="2024-03-17T20:54:10 ICT" finished-at="2024-03-17T20:54:18 ICT">
          <params>
            <param index="0">
              <value>
                <![CDATA[edge]]>
              </value>
            </param>
          </params>
          <reporter-output>
          </reporter-output>
        </test-method> <!-- openDriver -->
        <test-method status="FAIL" signature="loginSuccessfully()[pri:0, instance:automation.testsuite.Day14_LoginTest@4b1c1ea0]" name="loginSuccessfully" duration-ms="2028" started-at="2024-03-17T20:54:18 ICT" finished-at="2024-03-17T20:54:20 ICT">
          <exception class="org.openqa.selenium.NoSuchElementException">
            <message>
              <![CDATA[no such element: Unable to locate element: {"method":"xpath","selector":"//h4[text()='Dashboard']"}
  (Session info: chrome=122.0.6261.129)
For documentation on this error, please visit: https://www.selenium.dev/documentation/webdriver/troubleshooting/errors#no-such-element-exception
Build info: version: '4.10.0', revision: 'c14d967899'
System info: os.name: 'Windows 10', os.arch: 'amd64', os.version: '10.0', java.version: '1.8.0_392'
Driver info: org.openqa.selenium.chrome.ChromeDriver
Command: [62b5bb6b35a61bca02428b1010743854, findElement {using=xpath, value=//h4[text()='Dashboard']}]
Capabilities {acceptInsecureCerts: false, browserName: chrome, browserVersion: 122.0.6261.129, chrome: {chromedriverVersion: 122.0.6261.128 (f18a44fedeb..., userDataDir: C:\Users\Admin\AppData\Loca...}, fedcm:accounts: true, goog:chromeOptions: {debuggerAddress: localhost:60297}, networkConnectionEnabled: false, pageLoadStrategy: normal, platformName: windows, proxy: Proxy(), se:cdp: ws://localhost:60297/devtoo..., se:cdpVersion: 122.0.6261.129, setWindowRect: true, strictFileInteractability: false, timeouts: {implicit: 0, pageLoad: 300000, script: 30000}, unhandledPromptBehavior: dismiss and notify, webauthn:extension:credBlob: true, webauthn:extension:largeBlob: true, webauthn:extension:minPinLength: true, webauthn:extension:prf: true, webauthn:virtualAuthenticators: true}
Session ID: 62b5bb6b35a61bca02428b1010743854]]>
            </message>
            <full-stacktrace>
              <![CDATA[org.openqa.selenium.NoSuchElementException: no such element: Unable to locate element: {"method":"xpath","selector":"//h4[text()='Dashboard']"}
  (Session info: chrome=122.0.6261.129)
For documentation on this error, please visit: https://www.selenium.dev/documentation/webdriver/troubleshooting/errors#no-such-element-exception
Build info: version: '4.10.0', revision: 'c14d967899'
System info: os.name: 'Windows 10', os.arch: 'amd64', os.version: '10.0', java.version: '1.8.0_392'
Driver info: org.openqa.selenium.chrome.ChromeDriver
Command: [62b5bb6b35a61bca02428b1010743854, findElement {using=xpath, value=//h4[text()='Dashboard']}]
Capabilities {acceptInsecureCerts: false, browserName: chrome, browserVersion: 122.0.6261.129, chrome: {chromedriverVersion: 122.0.6261.128 (f18a44fedeb..., userDataDir: C:\Users\Admin\AppData\Loca...}, fedcm:accounts: true, goog:chromeOptions: {debuggerAddress: localhost:60297}, networkConnectionEnabled: false, pageLoadStrategy: normal, platformName: windows, proxy: Proxy(), se:cdp: ws://localhost:60297/devtoo..., se:cdpVersion: 122.0.6261.129, setWindowRect: true, strictFileInteractability: false, timeouts: {implicit: 0, pageLoad: 300000, script: 30000}, unhandledPromptBehavior: dismiss and notify, webauthn:extension:credBlob: true, webauthn:extension:largeBlob: true, webauthn:extension:minPinLength: true, webauthn:extension:prf: true, webauthn:virtualAuthenticators: true}
Session ID: 62b5bb6b35a61bca02428b1010743854
at sun.reflect.NativeConstructorAccessorImpl.newInstance0(Native Method)
at sun.reflect.NativeConstructorAccessorImpl.newInstance(NativeConstructorAccessorImpl.java:62)
at sun.reflect.DelegatingConstructorAccessorImpl.newInstance(DelegatingConstructorAccessorImpl.java:45)
at java.lang.reflect.Constructor.newInstance(Constructor.java:423)
at org.openqa.selenium.remote.codec.w3c.W3CHttpResponseCodec.createException(W3CHttpResponseCodec.java:199)
at org.openqa.selenium.remote.codec.w3c.W3CHttpResponseCodec.decode(W3CHttpResponseCodec.java:132)
at org.openqa.selenium.remote.codec.w3c.W3CHttpResponseCodec.decode(W3CHttpResponseCodec.java:51)
at org.openqa.selenium.remote.HttpCommandExecutor.execute(HttpCommandExecutor.java:191)
at org.openqa.selenium.remote.service.DriverCommandExecutor.invokeExecute(DriverCommandExecutor.java:196)
at org.openqa.selenium.remote.service.DriverCommandExecutor.execute(DriverCommandExecutor.java:171)
at org.openqa.selenium.remote.RemoteWebDriver.execute(RemoteWebDriver.java:531)
at org.openqa.selenium.remote.ElementLocation$ElementFinder$2.findElement(ElementLocation.java:165)
at org.openqa.selenium.remote.ElementLocation.findElement(ElementLocation.java:59)
at org.openqa.selenium.remote.RemoteWebDriver.findElement(RemoteWebDriver.java:350)
at org.openqa.selenium.remote.RemoteWebDriver.findElement(RemoteWebDriver.java:344)
at automation.testsuite.Day14_LoginTest.loginSuccessfully(Day14_LoginTest.java:26)
at sun.reflect.NativeMethodAccessorImpl.invoke0(Native Method)
at sun.reflect.NativeMethodAccessorImpl.invoke(NativeMethodAccessorImpl.java:62)
at sun.reflect.DelegatingMethodAccessorImpl.invoke(DelegatingMethodAccessorImpl.java:43)
at java.lang.reflect.Method.invoke(Method.java:498)
at org.testng.internal.MethodInvocationHelper.invokeMethod(MethodInvocationHelper.java:133)
at org.testng.internal.TestInvoker.invokeMethod(TestInvoker.java:598)
at org.testng.internal.TestInvoker.invokeTestMethod(TestInvoker.java:173)
at org.testng.internal.MethodRunner.runInSequence(MethodRunner.java:46)
at org.testng.internal.TestInvoker$MethodInvocationAgent.invoke(TestInvoker.java:824)
at org.testng.internal.TestInvoker.invokeTestMethods(TestInvoker.java:146)
at org.testng.internal.TestMethodWorker.invokeTestMethods(TestMethodWorker.java:146)
at org.testng.internal.TestMethodWorker.run(TestMethodWorker.java:128)
at java.util.ArrayList.forEach(ArrayList.java:1259)
at org.testng.TestRunner.privateRun(TestRunner.java:794)
at org.testng.TestRunner.run(TestRunner.java:596)
at org.testng.SuiteRunner.runTest(SuiteRunner.java:377)
at org.testng.SuiteRunner.runSequentially(SuiteRunner.java:371)
at org.testng.SuiteRunner.privateRun(SuiteRunner.java:332)
at org.testng.SuiteRunner.run(SuiteRunner.java:276)
at org.testng.SuiteRunnerWorker.runSuite(SuiteRunnerWorker.java:53)
at org.testng.SuiteRunnerWorker.run(SuiteRunnerWorker.java:96)
at org.testng.TestNG.runSuitesSequentially(TestNG.java:1212)
at org.testng.TestNG.runSuitesLocally(TestNG.java:1134)
at org.testng.TestNG.runSuites(TestNG.java:1063)
at org.testng.TestNG.run(TestNG.java:1031)
at com.intellij.rt.testng.IDEARemoteTestNG.run(IDEARemoteTestNG.java:66)
at com.intellij.rt.testng.RemoteTestNGStarter.main(RemoteTestNGStarter.java:109)
]]>
            </full-stacktrace>
          </exception> <!-- org.openqa.selenium.NoSuchElementException -->
          <reporter-output>
          </reporter-output>
        </test-method> <!-- loginSuccessfully -->
        <test-method status="PASS" signature="closeDriver()[pri:0, instance:automation.testsuite.Day14_LoginTest@4b1c1ea0]" name="closeDriver" is-config="true" duration-ms="110" started-at="2024-03-17T20:54:20 ICT" finished-at="2024-03-17T20:54:20 ICT">
          <reporter-output>
          </reporter-output>
        </test-method> <!-- closeDriver -->
      </class> <!-- automation.testsuite.Day14_LoginTest -->
    </test> <!-- Run Parallel test Edge -->
    <test name="Run Parallel test Chrome" duration-ms="78340" started-at="2024-03-17T20:54:20 ICT" finished-at="2024-03-17T20:55:38 ICT">
      <class name="automation.testsuite.Day18_Run_Multi_Browser">
        <test-method status="PASS" signature="openDriver(java.lang.String)[pri:0, instance:automation.testsuite.Day18_Run_Multi_Browser@2833cc44]" name="openDriver" is-config="true" duration-ms="5090" started-at="2024-03-17T20:54:20 ICT" finished-at="2024-03-17T20:54:25 ICT">
          <params>
            <param index="0">
              <value>
                <![CDATA[chrome]]>
              </value>
            </param>
          </params>
          <reporter-output>
          </reporter-output>
        </test-method> <!-- openDriver -->
        <test-method status="PASS" signature="addClientSuccess()[pri:0, instance:automation.testsuite.Day18_Run_Multi_Browser@2833cc44]" name="addClientSuccess" duration-ms="16380" started-at="2024-03-17T20:54:25 ICT" finished-at="2024-03-17T20:54:41 ICT">
          <reporter-output>
          </reporter-output>
        </test-method> <!-- addClientSuccess -->
        <test-method status="PASS" signature="closeDriver()[pri:0, instance:automation.testsuite.Day18_Run_Multi_Browser@2833cc44]" name="closeDriver" is-config="true" duration-ms="120" started-at="2024-03-17T20:54:41 ICT" finished-at="2024-03-17T20:54:41 ICT">
          <reporter-output>
          </reporter-output>
        </test-method> <!-- closeDriver -->
      </class> <!-- automation.testsuite.Day18_Run_Multi_Browser -->
      <class name="automation.testsuite.Day14_LoginTest">
        <test-method status="PASS" signature="openDriver(java.lang.String)[pri:0, instance:automation.testsuite.Day14_LoginTest@33f88ab]" name="openDriver" is-config="true" duration-ms="6181" started-at="2024-03-17T20:54:41 ICT" finished-at="2024-03-17T20:54:48 ICT">
          <params>
            <param index="0">
              <value>
                <![CDATA[chrome]]>
              </value>
            </param>
          </params>
          <reporter-output>
          </reporter-output>
        </test-method> <!-- openDriver -->
        <test-method status="PASS" signature="loginFail_emailEmpty()[pri:0, instance:automation.testsuite.Day14_LoginTest@33f88ab]" name="loginFail_emailEmpty" duration-ms="250" started-at="2024-03-17T20:54:48 ICT" finished-at="2024-03-17T20:54:48 ICT">
          <reporter-output>
          </reporter-output>
        </test-method> <!-- loginFail_emailEmpty -->
        <test-method status="PASS" signature="closeDriver()[pri:0, instance:automation.testsuite.Day14_LoginTest@33f88ab]" name="closeDriver" is-config="true" duration-ms="109" started-at="2024-03-17T20:54:48 ICT" finished-at="2024-03-17T20:54:48 ICT">
          <reporter-output>
          </reporter-output>
        </test-method> <!-- closeDriver -->
        <test-method status="PASS" signature="openDriver(java.lang.String)[pri:0, instance:automation.testsuite.Day14_LoginTest@33f88ab]" name="openDriver" is-config="true" duration-ms="13750" started-at="2024-03-17T20:54:48 ICT" finished-at="2024-03-17T20:55:02 ICT">
          <params>
            <param index="0">
              <value>
                <![CDATA[chrome]]>
              </value>
            </param>
          </params>
          <reporter-output>
          </reporter-output>
        </test-method> <!-- openDriver -->
        <test-method status="PASS" signature="loginFail_emailFormatIncorrect()[pri:0, instance:automation.testsuite.Day14_LoginTest@33f88ab]" name="loginFail_emailFormatIncorrect" duration-ms="324" started-at="2024-03-17T20:55:02 ICT" finished-at="2024-03-17T20:55:02 ICT">
          <reporter-output>
          </reporter-output>
        </test-method> <!-- loginFail_emailFormatIncorrect -->
        <test-method status="PASS" signature="closeDriver()[pri:0, instance:automation.testsuite.Day14_LoginTest@33f88ab]" name="closeDriver" is-config="true" duration-ms="106" started-at="2024-03-17T20:55:02 ICT" finished-at="2024-03-17T20:55:02 ICT">
          <reporter-output>
          </reporter-output>
        </test-method> <!-- closeDriver -->
        <test-method status="PASS" signature="openDriver(java.lang.String)[pri:0, instance:automation.testsuite.Day14_LoginTest@33f88ab]" name="openDriver" is-config="true" duration-ms="7952" started-at="2024-03-17T20:55:02 ICT" finished-at="2024-03-17T20:55:10 ICT">
          <params>
            <param index="0">
              <value>
                <![CDATA[chrome]]>
              </value>
            </param>
          </params>
          <reporter-output>
          </reporter-output>
        </test-method> <!-- openDriver -->
        <test-method status="PASS" signature="loginFail_emailIncorrect()[pri:0, instance:automation.testsuite.Day14_LoginTest@33f88ab]" name="loginFail_emailIncorrect" duration-ms="1108" started-at="2024-03-17T20:55:10 ICT" finished-at="2024-03-17T20:55:11 ICT">
          <reporter-output>
          </reporter-output>
        </test-method> <!-- loginFail_emailIncorrect -->
        <test-method status="PASS" signature="closeDriver()[pri:0, instance:automation.testsuite.Day14_LoginTest@33f88ab]" name="closeDriver" is-config="true" duration-ms="141" started-at="2024-03-17T20:55:11 ICT" finished-at="2024-03-17T20:55:11 ICT">
          <reporter-output>
          </reporter-output>
        </test-method> <!-- closeDriver -->
        <test-method status="PASS" signature="openDriver(java.lang.String)[pri:0, instance:automation.testsuite.Day14_LoginTest@33f88ab]" name="openDriver" is-config="true" duration-ms="5785" started-at="2024-03-17T20:55:11 ICT" finished-at="2024-03-17T20:55:17 ICT">
          <params>
            <param index="0">
              <value>
                <![CDATA[chrome]]>
              </value>
            </param>
          </params>
          <reporter-output>
          </reporter-output>
        </test-method> <!-- openDriver -->
        <test-method status="PASS" signature="loginFail_passwordEmpty()[pri:0, instance:automation.testsuite.Day14_LoginTest@33f88ab]" name="loginFail_passwordEmpty" duration-ms="295" started-at="2024-03-17T20:55:17 ICT" finished-at="2024-03-17T20:55:17 ICT">
          <reporter-output>
          </reporter-output>
        </test-method> <!-- loginFail_passwordEmpty -->
        <test-method status="PASS" signature="closeDriver()[pri:0, instance:automation.testsuite.Day14_LoginTest@33f88ab]" name="closeDriver" is-config="true" duration-ms="136" started-at="2024-03-17T20:55:17 ICT" finished-at="2024-03-17T20:55:18 ICT">
          <reporter-output>
          </reporter-output>
        </test-method> <!-- closeDriver -->
        <test-method status="PASS" signature="openDriver(java.lang.String)[pri:0, instance:automation.testsuite.Day14_LoginTest@33f88ab]" name="openDriver" is-config="true" duration-ms="8020" started-at="2024-03-17T20:55:18 ICT" finished-at="2024-03-17T20:55:26 ICT">
          <params>
            <param index="0">
              <value>
                <![CDATA[chrome]]>
              </value>
            </param>
          </params>
          <reporter-output>
          </reporter-output>
        </test-method> <!-- openDriver -->
        <test-method status="PASS" signature="loginFail_passwordIncorrect()[pri:0, instance:automation.testsuite.Day14_LoginTest@33f88ab]" name="loginFail_passwordIncorrect" duration-ms="1191" started-at="2024-03-17T20:55:26 ICT" finished-at="2024-03-17T20:55:27 ICT">
          <reporter-output>
          </reporter-output>
        </test-method> <!-- loginFail_passwordIncorrect -->
        <test-method status="PASS" signature="closeDriver()[pri:0, instance:automation.testsuite.Day14_LoginTest@33f88ab]" name="closeDriver" is-config="true" duration-ms="98" started-at="2024-03-17T20:55:27 ICT" finished-at="2024-03-17T20:55:27 ICT">
          <reporter-output>
          </reporter-output>
        </test-method> <!-- closeDriver -->
        <test-method status="PASS" signature="openDriver(java.lang.String)[pri:0, instance:automation.testsuite.Day14_LoginTest@33f88ab]" name="openDriver" is-config="true" duration-ms="9030" started-at="2024-03-17T20:55:27 ICT" finished-at="2024-03-17T20:55:36 ICT">
          <params>
            <param index="0">
              <value>
                <![CDATA[chrome]]>
              </value>
            </param>
          </params>
          <reporter-output>
          </reporter-output>
        </test-method> <!-- openDriver -->
        <test-method status="FAIL" signature="loginSuccessfully()[pri:0, instance:automation.testsuite.Day14_LoginTest@33f88ab]" name="loginSuccessfully" duration-ms="2170" started-at="2024-03-17T20:55:36 ICT" finished-at="2024-03-17T20:55:38 ICT">
          <exception class="org.openqa.selenium.NoSuchElementException">
            <message>
              <![CDATA[no such element: Unable to locate element: {"method":"xpath","selector":"//h4[text()='Dashboard']"}
  (Session info: chrome=122.0.6261.129)
For documentation on this error, please visit: https://www.selenium.dev/documentation/webdriver/troubleshooting/errors#no-such-element-exception
Build info: version: '4.10.0', revision: 'c14d967899'
System info: os.name: 'Windows 10', os.arch: 'amd64', os.version: '10.0', java.version: '1.8.0_392'
Driver info: org.openqa.selenium.chrome.ChromeDriver
Command: [ec9054d58b3c3eb357a4e6dd92c17d69, findElement {using=xpath, value=//h4[text()='Dashboard']}]
Capabilities {acceptInsecureCerts: false, browserName: chrome, browserVersion: 122.0.6261.129, chrome: {chromedriverVersion: 122.0.6261.128 (f18a44fedeb..., userDataDir: C:\Users\Admin\AppData\Loca...}, fedcm:accounts: true, goog:chromeOptions: {debuggerAddress: localhost:60613}, networkConnectionEnabled: false, pageLoadStrategy: normal, platformName: windows, proxy: Proxy(), se:cdp: ws://localhost:60613/devtoo..., se:cdpVersion: 122.0.6261.129, setWindowRect: true, strictFileInteractability: false, timeouts: {implicit: 0, pageLoad: 300000, script: 30000}, unhandledPromptBehavior: dismiss and notify, webauthn:extension:credBlob: true, webauthn:extension:largeBlob: true, webauthn:extension:minPinLength: true, webauthn:extension:prf: true, webauthn:virtualAuthenticators: true}
Session ID: ec9054d58b3c3eb357a4e6dd92c17d69]]>
            </message>
            <full-stacktrace>
              <![CDATA[org.openqa.selenium.NoSuchElementException: no such element: Unable to locate element: {"method":"xpath","selector":"//h4[text()='Dashboard']"}
  (Session info: chrome=122.0.6261.129)
For documentation on this error, please visit: https://www.selenium.dev/documentation/webdriver/troubleshooting/errors#no-such-element-exception
Build info: version: '4.10.0', revision: 'c14d967899'
System info: os.name: 'Windows 10', os.arch: 'amd64', os.version: '10.0', java.version: '1.8.0_392'
Driver info: org.openqa.selenium.chrome.ChromeDriver
Command: [ec9054d58b3c3eb357a4e6dd92c17d69, findElement {using=xpath, value=//h4[text()='Dashboard']}]
Capabilities {acceptInsecureCerts: false, browserName: chrome, browserVersion: 122.0.6261.129, chrome: {chromedriverVersion: 122.0.6261.128 (f18a44fedeb..., userDataDir: C:\Users\Admin\AppData\Loca...}, fedcm:accounts: true, goog:chromeOptions: {debuggerAddress: localhost:60613}, networkConnectionEnabled: false, pageLoadStrategy: normal, platformName: windows, proxy: Proxy(), se:cdp: ws://localhost:60613/devtoo..., se:cdpVersion: 122.0.6261.129, setWindowRect: true, strictFileInteractability: false, timeouts: {implicit: 0, pageLoad: 300000, script: 30000}, unhandledPromptBehavior: dismiss and notify, webauthn:extension:credBlob: true, webauthn:extension:largeBlob: true, webauthn:extension:minPinLength: true, webauthn:extension:prf: true, webauthn:virtualAuthenticators: true}
Session ID: ec9054d58b3c3eb357a4e6dd92c17d69
at sun.reflect.NativeConstructorAccessorImpl.newInstance0(Native Method)
at sun.reflect.NativeConstructorAccessorImpl.newInstance(NativeConstructorAccessorImpl.java:62)
at sun.reflect.DelegatingConstructorAccessorImpl.newInstance(DelegatingConstructorAccessorImpl.java:45)
at java.lang.reflect.Constructor.newInstance(Constructor.java:423)
at org.openqa.selenium.remote.codec.w3c.W3CHttpResponseCodec.createException(W3CHttpResponseCodec.java:199)
at org.openqa.selenium.remote.codec.w3c.W3CHttpResponseCodec.decode(W3CHttpResponseCodec.java:132)
at org.openqa.selenium.remote.codec.w3c.W3CHttpResponseCodec.decode(W3CHttpResponseCodec.java:51)
at org.openqa.selenium.remote.HttpCommandExecutor.execute(HttpCommandExecutor.java:191)
at org.openqa.selenium.remote.service.DriverCommandExecutor.invokeExecute(DriverCommandExecutor.java:196)
at org.openqa.selenium.remote.service.DriverCommandExecutor.execute(DriverCommandExecutor.java:171)
at org.openqa.selenium.remote.RemoteWebDriver.execute(RemoteWebDriver.java:531)
at org.openqa.selenium.remote.ElementLocation$ElementFinder$2.findElement(ElementLocation.java:165)
at org.openqa.selenium.remote.ElementLocation.findElement(ElementLocation.java:59)
at org.openqa.selenium.remote.RemoteWebDriver.findElement(RemoteWebDriver.java:350)
at org.openqa.selenium.remote.RemoteWebDriver.findElement(RemoteWebDriver.java:344)
at automation.testsuite.Day14_LoginTest.loginSuccessfully(Day14_LoginTest.java:26)
at sun.reflect.NativeMethodAccessorImpl.invoke0(Native Method)
at sun.reflect.NativeMethodAccessorImpl.invoke(NativeMethodAccessorImpl.java:62)
at sun.reflect.DelegatingMethodAccessorImpl.invoke(DelegatingMethodAccessorImpl.java:43)
at java.lang.reflect.Method.invoke(Method.java:498)
at org.testng.internal.MethodInvocationHelper.invokeMethod(MethodInvocationHelper.java:133)
at org.testng.internal.TestInvoker.invokeMethod(TestInvoker.java:598)
at org.testng.internal.TestInvoker.invokeTestMethod(TestInvoker.java:173)
at org.testng.internal.MethodRunner.runInSequence(MethodRunner.java:46)
at org.testng.internal.TestInvoker$MethodInvocationAgent.invoke(TestInvoker.java:824)
at org.testng.internal.TestInvoker.invokeTestMethods(TestInvoker.java:146)
at org.testng.internal.TestMethodWorker.invokeTestMethods(TestMethodWorker.java:146)
at org.testng.internal.TestMethodWorker.run(TestMethodWorker.java:128)
at java.util.ArrayList.forEach(ArrayList.java:1259)
at org.testng.TestRunner.privateRun(TestRunner.java:794)
at org.testng.TestRunner.run(TestRunner.java:596)
at org.testng.SuiteRunner.runTest(SuiteRunner.java:377)
at org.testng.SuiteRunner.runSequentially(SuiteRunner.java:371)
at org.testng.SuiteRunner.privateRun(SuiteRunner.java:332)
at org.testng.SuiteRunner.run(SuiteRunner.java:276)
at org.testng.SuiteRunnerWorker.runSuite(SuiteRunnerWorker.java:53)
at org.testng.SuiteRunnerWorker.run(SuiteRunnerWorker.java:96)
at org.testng.TestNG.runSuitesSequentially(TestNG.java:1212)
at org.testng.TestNG.runSuitesLocally(TestNG.java:1134)
at org.testng.TestNG.runSuites(TestNG.java:1063)
at org.testng.TestNG.run(TestNG.java:1031)
at com.intellij.rt.testng.IDEARemoteTestNG.run(IDEARemoteTestNG.java:66)
at com.intellij.rt.testng.RemoteTestNGStarter.main(RemoteTestNGStarter.java:109)
]]>
            </full-stacktrace>
          </exception> <!-- org.openqa.selenium.NoSuchElementException -->
          <reporter-output>
          </reporter-output>
        </test-method> <!-- loginSuccessfully -->
        <test-method status="PASS" signature="closeDriver()[pri:0, instance:automation.testsuite.Day14_LoginTest@33f88ab]" name="closeDriver" is-config="true" duration-ms="90" started-at="2024-03-17T20:55:38 ICT" finished-at="2024-03-17T20:55:38 ICT">
          <reporter-output>
          </reporter-output>
        </test-method> <!-- closeDriver -->
      </class> <!-- automation.testsuite.Day14_LoginTest -->
    </test> <!-- Run Parallel test Chrome -->
  </suite> <!-- TestSuite -->
</testng-results>
